#
# There is insufficient memory for the Java Runtime Environment to continue.
# Native memory allocation (mmap) failed to map 193986560 bytes for committing reserved memory.
# Possible reasons:
#   The system is out of physical RAM or swap space
#   In 32 bit mode, the process size limit was hit
# Possible solutions:
#   Reduce memory load on the system
#   Increase physical memory or swap space
#   Check if swap backing store is full
#   Use 64 bit Java on a 64 bit OS
#   Decrease Java heap size (-Xmx/-Xms)
#   Decrease number of Java threads
#   Decrease Java thread stack sizes (-Xss)
#   Set larger code cache with -XX:ReservedCodeCacheSize=
# This output file may be truncated or incomplete.
#
#  Out of Memory Error (os_linux.cpp:2627), pid=3148, tid=140202241185536
#
# JRE version: Java(TM) SE Runtime Environment (8.0_91-b14) (build 1.8.0_91-b14)
# Java VM: Java HotSpot(TM) 64-Bit Server VM (25.91-b14 mixed mode linux-amd64 compressed oops)
# Failed to write core dump. Core dumps have been disabled. To enable core dumping, try "ulimit -c unlimited" before starting Java again
#

---------------  T H R E A D  ---------------

Current thread (0x00007f8374078000):  VMThread [stack: 0x00007f8360b85000,0x00007f8360c86000] [id=3161]

Stack: [0x00007f8360b85000,0x00007f8360c86000],  sp=0x00007f8360c842e0,  free space=1020k
Native frames: (J=compiled Java code, j=interpreted, Vv=VM code, C=native code)
V  [libjvm.so+0xabc18a]  VMError::report_and_die()+0x2ba
V  [libjvm.so+0x4fafeb]  report_vm_out_of_memory(char const*, int, unsigned long, VMErrorType, char const*)+0x8b
V  [libjvm.so+0x91cbb3]  os::Linux::commit_memory_impl(char*, unsigned long, bool)+0x103
V  [libjvm.so+0x91d109]  os::pd_commit_memory(char*, unsigned long, unsigned long, bool)+0x29
V  [libjvm.so+0x91740a]  os::commit_memory(char*, unsigned long, unsigned long, bool)+0x2a
V  [libjvm.so+0x98b033]  PSVirtualSpace::expand_by(unsigned long)+0x53
V  [libjvm.so+0x98c438]  PSYoungGen::resize_generation(unsigned long, unsigned long)+0xf8
V  [libjvm.so+0x98b592]  PSYoungGen::resize(unsigned long, unsigned long)+0x22
V  [libjvm.so+0x98886b]  PSScavenge::invoke_no_policy()+0xf3b
V  [libjvm.so+0x988ff1]  PSScavenge::invoke()+0x41
V  [libjvm.so+0x9408b0]  ParallelScavengeHeap::failed_mem_allocate(unsigned long)+0x70
V  [libjvm.so+0xabdba7]  VM_ParallelGCFailedAllocation::doit()+0x97
V  [libjvm.so+0xac55d5]  VM_Operation::evaluate()+0x55
V  [libjvm.so+0xac39aa]  VMThread::evaluate_operation(VM_Operation*)+0xba
V  [libjvm.so+0xac3d2e]  VMThread::loop()+0x1ce
V  [libjvm.so+0xac41a0]  VMThread::run()+0x70
V  [libjvm.so+0x91ef78]  java_start(Thread*)+0x108

VM_Operation (0x00007f835b7f5a10): ParallelGCFailedAllocation, mode: safepoint, requested by thread 0x00007f837415a000


---------------  P R O C E S S  ---------------

Java Threads: ( => current thread )
  0x00007f837415a000 JavaThread "pool-2-thread-4" [_thread_blocked, id=3174, stack(0x00007f835b6f7000,0x00007f835b7f8000)]
  0x00007f8374158000 JavaThread "pool-2-thread-3" [_thread_blocked, id=3173, stack(0x00007f835b7f8000,0x00007f835b8f9000)]
  0x00007f8374156800 JavaThread "pool-2-thread-2" [_thread_blocked, id=3172, stack(0x00007f835b8f9000,0x00007f835b9fa000)]
  0x00007f837414a800 JavaThread "pool-3-thread-1" [_thread_blocked, id=3171, stack(0x00007f835b9fa000,0x00007f835bafb000)]
  0x00007f8374149000 JavaThread "pool-2-thread-1" [_thread_blocked, id=3170, stack(0x00007f835bafb000,0x00007f835bbfc000)]
  0x00007f83740d2800 JavaThread "Service Thread" daemon [_thread_blocked, id=3168, stack(0x00007f835bcfd000,0x00007f835bdfe000)]
  0x00007f83740bd000 JavaThread "C1 CompilerThread2" daemon [_thread_blocked, id=3167, stack(0x00007f835bdfe000,0x00007f835beff000)]
  0x00007f83740bb800 JavaThread "C2 CompilerThread1" daemon [_thread_blocked, id=3166, stack(0x00007f835beff000,0x00007f835c000000)]
  0x00007f83740b8800 JavaThread "C2 CompilerThread0" daemon [_thread_blocked, id=3165, stack(0x00007f836009f000,0x00007f83601a0000)]
  0x00007f83740b7000 JavaThread "Signal Dispatcher" daemon [_thread_blocked, id=3164, stack(0x00007f83601a0000,0x00007f83602a1000)]
  0x00007f8374084000 JavaThread "Finalizer" daemon [_thread_blocked, id=3163, stack(0x00007f8360983000,0x00007f8360a84000)]
  0x00007f837407f800 JavaThread "Reference Handler" daemon [_thread_blocked, id=3162, stack(0x00007f8360a84000,0x00007f8360b85000)]
  0x00007f837400a000 JavaThread "main" [_thread_blocked, id=3154, stack(0x00007f837a28f000,0x00007f837a390000)]

Other Threads:
=>0x00007f8374078000 VMThread [stack: 0x00007f8360b85000,0x00007f8360c86000] [id=3161]
  0x00007f83740d5000 WatcherThread [stack: 0x00007f835bbfc000,0x00007f835bcfd000] [id=3169]

VM state:at safepoint (normal execution)

VM Mutex/Monitor currently owned by a thread:  ([mutex/lock_event])
[0x00007f83740064d0] Threads_lock - owner thread: 0x00007f8374078000
[0x00007f83740069d0] Heap_lock - owner thread: 0x00007f837415a000

Heap:
 PSYoungGen      total 132096K, used 5088K [0x000000076ab00000, 0x0000000773100000, 0x00000007c0000000)
  eden space 126976K, 0% used [0x000000076ab00000,0x000000076ab00000,0x0000000772700000)
  from space 5120K, 99% used [0x0000000772700000,0x0000000772bf82b0,0x0000000772c00000)
  to   space 5120K, 0% used [0x0000000772c00000,0x0000000772c00000,0x0000000773100000)
 ParOldGen       total 84992K, used 73686K [0x00000006c0000000, 0x00000006c5300000, 0x000000076ab00000)
  object space 84992K, 86% used [0x00000006c0000000,0x00000006c47f5888,0x00000006c5300000)
 Metaspace       used 5934K, capacity 7088K, committed 7296K, reserved 1056768K
  class space    used 578K, capacity 616K, committed 640K, reserved 1048576K

Card table byte_map: [0x00007f83637bc000,0x00007f8363fbd000] byte_map_base: 0x00007f83601bc000

Marking Bits: (ParMarkBitMap*) 0x00007f837975fd60
 Begin Bits: [0x00007f8344000000, 0x00007f8348000000)
 End Bits:   [0x00007f8348000000, 0x00007f834c000000)

Polling page: 0x00007f837a3a8000

CodeCache: size=245760Kb used=6358Kb max_used=6361Kb free=239401Kb
 bounds [0x00007f836437d000, 0x00007f83649bd000, 0x00007f837337d000]
 total_blobs=1796 nmethods=1534 adapters=175
 compilation: enabled

Compilation events (10 events):
Event: 7.909 Thread 0x00007f83740bd000 nmethod 1771 0x00007f836498c7d0 code [0x00007f836498c940, 0x00007f836498cb70]
Event: 7.916 Thread 0x00007f83740bd000 1777       2       com.android.dx.cf.code.BytecodeArray::size (8 bytes)
Event: 7.917 Thread 0x00007f83740bd000 nmethod 1777 0x00007f836499eb10 code [0x00007f836499ec60, 0x00007f836499edb0]
Event: 7.917 Thread 0x00007f83740bd000 1775       2       java.util.TreeMap::<init> (20 bytes)
Event: 7.917 Thread 0x00007f83740bd000 nmethod 1775 0x00007f836499e7d0 code [0x00007f836499e920, 0x00007f836499ea90]
Event: 7.917 Thread 0x00007f83740bd000 1776       2       com.android.dx.cf.code.LineNumberList::concat (92 bytes)
Event: 7.918 Thread 0x00007f83740bd000 nmethod 1776 0x00007f836499c810 code [0x00007f836499ca80, 0x00007f836499d688]
Event: 7.925 Thread 0x00007f83740bd000 1779 %     3       com.android.dx.ssa.back.LivenessAnalyzer::constructInterferenceGraph @ 16 (47 bytes)
Event: 7.925 Thread 0x00007f83740bd000 nmethod 1779% 0x00007f836499bf90 code [0x00007f836499c140, 0x00007f836499c618]
Event: 7.925 Thread 0x00007f83740bd000 1778 %     3       com.android.dx.ssa.DomFront::run @ 170 (264 bytes)

GC Heap History (9 events):
Event: 1.075 GC heap before
{Heap before GC invocations=1 (full 0):
 PSYoungGen      total 36864K, used 31744K [0x000000076ab00000, 0x000000076d400000, 0x00000007c0000000)
  eden space 31744K, 100% used [0x000000076ab00000,0x000000076ca00000,0x000000076ca00000)
  from space 5120K, 0% used [0x000000076cf00000,0x000000076cf00000,0x000000076d400000)
  to   space 5120K, 0% used [0x000000076ca00000,0x000000076ca00000,0x000000076cf00000)
 ParOldGen       total 84992K, used 0K [0x00000006c0000000, 0x00000006c5300000, 0x000000076ab00000)
  object space 84992K, 0% used [0x00000006c0000000,0x00000006c0000000,0x00000006c5300000)
 Metaspace       used 5514K, capacity 6704K, committed 6784K, reserved 1056768K
  class space    used 569K, capacity 616K, committed 640K, reserved 1048576K
Event: 1.089 GC heap after
Heap after GC invocations=1 (full 0):
 PSYoungGen      total 36864K, used 5108K [0x000000076ab00000, 0x000000076f300000, 0x00000007c0000000)
  eden space 31744K, 0% used [0x000000076ab00000,0x000000076ab00000,0x000000076ca00000)
  from space 5120K, 99% used [0x000000076ca00000,0x000000076cefd0d8,0x000000076cf00000)
  to   space 5120K, 0% used [0x000000076ee00000,0x000000076ee00000,0x000000076f300000)
 ParOldGen       total 84992K, used 1698K [0x00000006c0000000, 0x00000006c5300000, 0x000000076ab00000)
  object space 84992K, 1% used [0x00000006c0000000,0x00000006c01a8948,0x00000006c5300000)
 Metaspace       used 5514K, capacity 6704K, committed 6784K, reserved 1056768K
  class space    used 569K, capacity 616K, committed 640K, reserved 1048576K
}
Event: 1.589 GC heap before
{Heap before GC invocations=2 (full 0):
 PSYoungGen      total 36864K, used 36852K [0x000000076ab00000, 0x000000076f300000, 0x00000007c0000000)
  eden space 31744K, 100% used [0x000000076ab00000,0x000000076ca00000,0x000000076ca00000)
  from space 5120K, 99% used [0x000000076ca00000,0x000000076cefd0d8,0x000000076cf00000)
  to   space 5120K, 0% used [0x000000076ee00000,0x000000076ee00000,0x000000076f300000)
 ParOldGen       total 84992K, used 1698K [0x00000006c0000000, 0x00000006c5300000, 0x000000076ab00000)
  object space 84992K, 1% used [0x00000006c0000000,0x00000006c01a8948,0x00000006c5300000)
 Metaspace       used 5675K, capacity 6896K, committed 7040K, reserved 1056768K
  class space    used 577K, capacity 616K, committed 640K, reserved 1048576K
Event: 1.631 GC heap after
Heap after GC invocations=2 (full 0):
 PSYoungGen      total 68608K, used 5101K [0x000000076ab00000, 0x000000076f300000, 0x00000007c0000000)
  eden space 63488K, 0% used [0x000000076ab00000,0x000000076ab00000,0x000000076e900000)
  from space 5120K, 99% used [0x000000076ee00000,0x000000076f2fb6d8,0x000000076f300000)
  to   space 5120K, 0% used [0x000000076e900000,0x000000076e900000,0x000000076ee00000)
 ParOldGen       total 84992K, used 11760K [0x00000006c0000000, 0x00000006c5300000, 0x000000076ab00000)
  object space 84992K, 13% used [0x00000006c0000000,0x00000006c0b7c080,0x00000006c5300000)
 Metaspace       used 5675K, capacity 6896K, committed 7040K, reserved 1056768K
  class space    used 577K, capacity 616K, committed 640K, reserved 1048576K
}
Event: 2.343 GC heap before
{Heap before GC invocations=3 (full 0):
 PSYoungGen      total 68608K, used 68589K [0x000000076ab00000, 0x000000076f300000, 0x00000007c0000000)
  eden space 63488K, 100% used [0x000000076ab00000,0x000000076e900000,0x000000076e900000)
  from space 5120K, 99% used [0x000000076ee00000,0x000000076f2fb6d8,0x000000076f300000)
  to   space 5120K, 0% used [0x000000076e900000,0x000000076e900000,0x000000076ee00000)
 ParOldGen       total 84992K, used 11760K [0x00000006c0000000, 0x00000006c5300000, 0x000000076ab00000)
  object space 84992K, 13% used [0x00000006c0000000,0x00000006c0b7c080,0x00000006c5300000)
 Metaspace       used 5717K, capacity 6896K, committed 7040K, reserved 1056768K
  class space    used 577K, capacity 616K, committed 640K, reserved 1048576K
Event: 2.405 GC heap after
Heap after GC invocations=3 (full 0):
 PSYoungGen      total 68608K, used 5102K [0x000000076ab00000, 0x0000000773100000, 0x00000007c0000000)
  eden space 63488K, 0% used [0x000000076ab00000,0x000000076ab00000,0x000000076e900000)
  from space 5120K, 99% used [0x000000076e900000,0x000000076edfbaf8,0x000000076ee00000)
  to   space 5120K, 0% used [0x0000000772c00000,0x0000000772c00000,0x0000000773100000)
 ParOldGen       total 84992K, used 33189K [0x00000006c0000000, 0x00000006c5300000, 0x000000076ab00000)
  object space 84992K, 39% used [0x00000006c0000000,0x00000006c2069408,0x00000006c5300000)
 Metaspace       used 5717K, capacity 6896K, committed 7040K, reserved 1056768K
  class space    used 577K, capacity 616K, committed 640K, reserved 1048576K
}
Event: 2.833 GC heap before
{Heap before GC invocations=4 (full 0):
 PSYoungGen      total 68608K, used 68590K [0x000000076ab00000, 0x0000000773100000, 0x00000007c0000000)
  eden space 63488K, 100% used [0x000000076ab00000,0x000000076e900000,0x000000076e900000)
  from space 5120K, 99% used [0x000000076e900000,0x000000076edfbaf8,0x000000076ee00000)
  to   space 5120K, 0% used [0x0000000772c00000,0x0000000772c00000,0x0000000773100000)
 ParOldGen       total 84992K, used 33189K [0x00000006c0000000, 0x00000006c5300000, 0x000000076ab00000)
  object space 84992K, 39% used [0x00000006c0000000,0x00000006c2069408,0x00000006c5300000)
 Metaspace       used 5769K, capacity 6960K, committed 7040K, reserved 1056768K
  class space    used 578K, capacity 616K, committed 640K, reserved 1048576K
Event: 4.020 GC heap after
Heap after GC invocations=4 (full 0):
 PSYoungGen      total 132096K, used 5092K [0x000000076ab00000, 0x0000000773100000, 0x00000007c0000000)
  eden space 126976K, 0% used [0x000000076ab00000,0x000000076ab00000,0x0000000772700000)
  from space 5120K, 99% used [0x0000000772c00000,0x00000007730f91c0,0x0000000773100000)
  to   space 5120K, 0% used [0x0000000772700000,0x0000000772700000,0x0000000772c00000)
 ParOldGen       total 84992K, used 52193K [0x00000006c0000000, 0x00000006c5300000, 0x000000076ab00000)
  object space 84992K, 61% used [0x00000006c0000000,0x00000006c32f8620,0x00000006c5300000)
 Metaspace       used 5769K, capacity 6960K, committed 7040K, reserved 1056768K
  class space    used 578K, capacity 616K, committed 640K, reserved 1048576K
}
Event: 7.941 GC heap before
{Heap before GC invocations=5 (full 0):
 PSYoungGen      total 132096K, used 132068K [0x000000076ab00000, 0x0000000773100000, 0x00000007c0000000)
  eden space 126976K, 100% used [0x000000076ab00000,0x0000000772700000,0x0000000772700000)
  from space 5120K, 99% used [0x0000000772c00000,0x00000007730f91c0,0x0000000773100000)
  to   space 5120K, 0% used [0x0000000772700000,0x0000000772700000,0x0000000772c00000)
 ParOldGen       total 84992K, used 52193K [0x00000006c0000000, 0x00000006c5300000, 0x000000076ab00000)
  object space 84992K, 61% used [0x00000006c0000000,0x00000006c32f8620,0x00000006c5300000)
 Metaspace       used 5934K, capacity 7088K, committed 7296K, reserved 1056768K
  class space    used 578K, capacity 616K, committed 640K, reserved 1048576K

Deoptimization events (10 events):
Event: 1.001 Thread 0x00007f8374149000 Uncommon trap: reason=unloaded action=reinterpret pc=0x00007f83645ebcbc method=com.android.dx.ssa.SsaRenamer$BlockRenamer.visitMoveInsn(Lcom/android/dx/ssa/NormalSsaInsn;)V @ 208
Event: 1.046 Thread 0x00007f8374156800 Uncommon trap: reason=bimorphic action=maybe_recompile pc=0x00007f836456c0b4 method=java.util.HashMap.getNode(ILjava/lang/Object;)Ljava/util/HashMap$Node; @ 126
Event: 1.158 Thread 0x00007f837400a000 Uncommon trap: reason=unstable_if action=reinterpret pc=0x00007f83644fe988 method=java.lang.String.<init>([CII)V @ 18
Event: 1.402 Thread 0x00007f837400a000 Uncommon trap: reason=unstable_if action=reinterpret pc=0x00007f8364661264 method=com.android.dx.rop.code.LocalItem.hashCode()I @ 25
Event: 1.402 Thread 0x00007f837400a000 Uncommon trap: reason=unstable_if action=reinterpret pc=0x00007f836461518c method=com.android.dx.rop.code.LocalItem.hashCode()I @ 25
Event: 1.406 Thread 0x00007f837400a000 Uncommon trap: reason=unstable_if action=reinterpret pc=0x00007f836456beb8 method=java.util.HashMap.getNode(ILjava/lang/Object;)Ljava/util/HashMap$Node; @ 129
Event: 2.036 Thread 0x00007f8374158000 Uncommon trap: reason=unstable_if action=reinterpret pc=0x00007f83645686c0 method=java.util.BitSet.ensureCapacity(I)V @ 6
Event: 2.588 Thread 0x00007f8374158000 Uncommon trap: reason=uninitialized action=reinterpret pc=0x00007f836479d4d4 method=com.android.dx.cf.code.BytecodeArray.parseInstruction(ILcom/android/dx/cf/code/BytecodeArray$Visitor;)I @ 999
Event: 4.098 Thread 0x00007f8374156800 Uncommon trap: reason=unstable_if action=reinterpret pc=0x00007f836461a290 method=com.android.dx.ssa.SetFactory.makeLivenessSet(I)Lcom/android/dx/util/IntSet; @ 4
Event: 5.910 Thread 0x00007f8374158000 Uncommon trap: reason=unstable_if action=reinterpret pc=0x00007f83648bc8ec method=com.android.dx.ssa.SsaRenamer$BlockRenamer.addMapping(ILcom/android/dx/rop/code/RegisterSpec;)V @ 120

Internal exceptions (2 events):
Event: 0.094 Thread 0x00007f837400a000 Exception <a 'java/lang/NoSuchMethodError': Method sun.misc.Unsafe.defineClass(Ljava/lang/String;[BII)Ljava/lang/Class; name or signature does not match> (0x000000076ab07cc0) thrown at [/HUDSON/workspace/8-2-build-linux-amd64/jdk8u91/6644/hotspot/src/shar
Event: 0.094 Thread 0x00007f837400a000 Exception <a 'java/lang/NoSuchMethodError': Method sun.misc.Unsafe.prefetchRead(Ljava/lang/Object;J)V name or signature does not match> (0x000000076ab07fa8) thrown at [/HUDSON/workspace/8-2-build-linux-amd64/jdk8u91/6644/hotspot/src/share/vm/prims/jni.cpp

Events (10 events):
Event: 7.837 Thread 0x00007f8374158000 DEOPT UNPACKING pc=0x00007f83643c4633 sp=0x00007f835b8f6bc0 mode 0
Event: 7.840 Thread 0x00007f8374158000 DEOPT PACKING pc=0x00007f83647904ec sp=0x00007f835b8f6ec0
Event: 7.840 Thread 0x00007f8374158000 DEOPT UNPACKING pc=0x00007f83643c4633 sp=0x00007f835b8f6c70 mode 0
Event: 7.854 Thread 0x00007f8374156800 DEOPT PACKING pc=0x00007f8364897d43 sp=0x00007f835b9f7fb0
Event: 7.854 Thread 0x00007f8374156800 DEOPT UNPACKING pc=0x00007f83643c4633 sp=0x00007f835b9f7d98 mode 0
Event: 7.864 Thread 0x00007f8374158000 DEOPT PACKING pc=0x00007f83647888fd sp=0x00007f835b8f6ec0
Event: 7.864 Thread 0x00007f8374158000 DEOPT UNPACKING pc=0x00007f83643c4633 sp=0x00007f835b8f6c78 mode 0
Event: 7.921 Thread 0x00007f8374149000 DEOPT PACKING pc=0x00007f83646c7117 sp=0x00007f835bbf9f90
Event: 7.921 Thread 0x00007f8374149000 DEOPT UNPACKING pc=0x00007f83643c4633 sp=0x00007f835bbf9d90 mode 0
Event: 7.941 Executing VM operation: ParallelGCFailedAllocation


Dynamic libraries:
00400000-00401000 r-xp 00000000 08:01 18622227                           /usr/lib/jvm/java-8-oracle/bin/java
00600000-00601000 rw-p 00000000 08:01 18622227                           /usr/lib/jvm/java-8-oracle/bin/java
0226f000-02290000 rw-p 00000000 00:00 0                                  [heap]
6c0000000-6c5300000 rw-p 00000000 00:00 0 
6c5300000-76ab00000 ---p 00000000 00:00 0 
76ab00000-773100000 rw-p 00000000 00:00 0 
77ea00000-7c0000000 ---p 00000000 00:00 0 
7c0000000-7c00a0000 rw-p 00000000 00:00 0 
7c00a0000-800000000 ---p 00000000 00:00 0 
7f830c000000-7f830c037000 rw-p 00000000 00:00 0 
7f830c037000-7f8310000000 ---p 00000000 00:00 0 
7f8310000000-7f8310028000 rw-p 00000000 00:00 0 
7f8310028000-7f8314000000 ---p 00000000 00:00 0 
7f8314000000-7f8314021000 rw-p 00000000 00:00 0 
7f8314021000-7f8318000000 ---p 00000000 00:00 0 
7f8318000000-7f8318021000 rw-p 00000000 00:00 0 
7f8318021000-7f831c000000 ---p 00000000 00:00 0 
7f831c000000-7f831c021000 rw-p 00000000 00:00 0 
7f831c021000-7f8320000000 ---p 00000000 00:00 0 
7f8320000000-7f832004b000 rw-p 00000000 00:00 0 
7f832004b000-7f8324000000 ---p 00000000 00:00 0 
7f8324000000-7f8324931000 rw-p 00000000 00:00 0 
7f8324931000-7f8328000000 ---p 00000000 00:00 0 
7f8328000000-7f8328021000 rw-p 00000000 00:00 0 
7f8328021000-7f832c000000 ---p 00000000 00:00 0 
7f832c000000-7f832d27b000 rw-p 00000000 00:00 0 
7f832d27b000-7f8330000000 ---p 00000000 00:00 0 
7f8330000000-7f8330d7a000 rw-p 00000000 00:00 0 
7f8330d7a000-7f8334000000 ---p 00000000 00:00 0 
7f8334000000-7f8334021000 rw-p 00000000 00:00 0 
7f8334021000-7f8338000000 ---p 00000000 00:00 0 
7f8338000000-7f8338021000 rw-p 00000000 00:00 0 
7f8338021000-7f833c000000 ---p 00000000 00:00 0 
7f833c000000-7f833c29c000 rw-p 00000000 00:00 0 
7f833c29c000-7f8340000000 ---p 00000000 00:00 0 
7f8340000000-7f8340021000 rw-p 00000000 00:00 0 
7f8340021000-7f8344000000 ---p 00000000 00:00 0 
7f8344000000-7f834c000000 rw-p 00000000 00:00 0 
7f834c000000-7f834c021000 rw-p 00000000 00:00 0 
7f834c021000-7f8350000000 ---p 00000000 00:00 0 
7f8350000000-7f8350021000 rw-p 00000000 00:00 0 
7f8350021000-7f8354000000 ---p 00000000 00:00 0 
7f8354000000-7f8354021000 rw-p 00000000 00:00 0 
7f8354021000-7f8358000000 ---p 00000000 00:00 0 
7f835b6f7000-7f835b6fa000 ---p 00000000 00:00 0 
7f835b6fa000-7f835b7f8000 rw-p 00000000 00:00 0                          [stack:3174]
7f835b7f8000-7f835b7fb000 ---p 00000000 00:00 0 
7f835b7fb000-7f835b8f9000 rw-p 00000000 00:00 0                          [stack:3173]
7f835b8f9000-7f835b8fc000 ---p 00000000 00:00 0 
7f835b8fc000-7f835b9fa000 rw-p 00000000 00:00 0                          [stack:3172]
7f835b9fa000-7f835b9fd000 ---p 00000000 00:00 0 
7f835b9fd000-7f835bafb000 rw-p 00000000 00:00 0                          [stack:3171]
7f835bafb000-7f835bafe000 ---p 00000000 00:00 0 
7f835bafe000-7f835bbfc000 rw-p 00000000 00:00 0                          [stack:3170]
7f835bbfc000-7f835bbfd000 ---p 00000000 00:00 0 
7f835bbfd000-7f835bcfd000 rw-p 00000000 00:00 0                          [stack:3169]
7f835bcfd000-7f835bd00000 ---p 00000000 00:00 0 
7f835bd00000-7f835bdfe000 rw-p 00000000 00:00 0                          [stack:3168]
7f835bdfe000-7f835be01000 ---p 00000000 00:00 0 
7f835be01000-7f835beff000 rw-p 00000000 00:00 0                          [stack:3167]
7f835beff000-7f835bf02000 ---p 00000000 00:00 0 
7f835bf02000-7f835c000000 rw-p 00000000 00:00 0                          [stack:3166]
7f835c000000-7f835c021000 rw-p 00000000 00:00 0 
7f835c021000-7f8360000000 ---p 00000000 00:00 0 
7f836009f000-7f83600a2000 ---p 00000000 00:00 0 
7f83600a2000-7f83601a0000 rw-p 00000000 00:00 0                          [stack:3165]
7f83601a0000-7f83601a3000 ---p 00000000 00:00 0 
7f83601a3000-7f83602a1000 rw-p 00000000 00:00 0                          [stack:3164]
7f83602a1000-7f8360983000 r--p 00000000 08:01 18094678                   /usr/lib/locale/locale-archive
7f8360983000-7f8360986000 ---p 00000000 00:00 0 
7f8360986000-7f8360a84000 rw-p 00000000 00:00 0                          [stack:3163]
7f8360a84000-7f8360a87000 ---p 00000000 00:00 0 
7f8360a87000-7f8360b85000 rw-p 00000000 00:00 0                          [stack:3162]
7f8360b85000-7f8360b86000 ---p 00000000 00:00 0 
7f8360b86000-7f8361c89000 rw-p 00000000 00:00 0                          [stack:3161]
7f8361c89000-7f8361e62000 r--s 03d1f000 08:01 18226439                   /usr/lib/jvm/java-8-oracle/jre/lib/rt.jar
7f8361e62000-7f83624e2000 rw-p 00000000 00:00 0 
7f83624e2000-7f8362662000 ---p 00000000 00:00 0 
7f8362662000-7f8362e62000 rw-p 00000000 00:00 0 
7f8362e62000-7f8362e63000 ---p 00000000 00:00 0 
7f8362e63000-7f8362f63000 rw-p 00000000 00:00 0                          [stack:3159]
7f8362f63000-7f8362f64000 ---p 00000000 00:00 0 
7f8362f64000-7f8363064000 rw-p 00000000 00:00 0                          [stack:3158]
7f8363064000-7f8363065000 ---p 00000000 00:00 0 
7f8363065000-7f8363165000 rw-p 00000000 00:00 0                          [stack:3156]
7f8363165000-7f8363166000 ---p 00000000 00:00 0 
7f8363166000-7f8363290000 rw-p 00000000 00:00 0                          [stack:3155]
7f8363290000-7f83637bc000 ---p 00000000 00:00 0 
7f83637bc000-7f83637e6000 rw-p 00000000 00:00 0 
7f83637e6000-7f8363d11000 ---p 00000000 00:00 0 
7f8363d11000-7f8363d55000 rw-p 00000000 00:00 0 
7f8363d55000-7f8363fbc000 ---p 00000000 00:00 0 
7f8363fbc000-7f8363fd6000 rw-p 00000000 00:00 0 
7f8363fd6000-7f836437d000 ---p 00000000 00:00 0 
7f836437d000-7f83649bd000 rwxp 00000000 00:00 0 
7f83649bd000-7f837337d000 ---p 00000000 00:00 0 
7f837337d000-7f8373397000 r-xp 00000000 08:01 18354035                   /usr/lib/jvm/java-8-oracle/jre/lib/amd64/libzip.so
7f8373397000-7f8373597000 ---p 0001a000 08:01 18354035                   /usr/lib/jvm/java-8-oracle/jre/lib/amd64/libzip.so
7f8373597000-7f8373598000 rw-p 0001a000 08:01 18354035                   /usr/lib/jvm/java-8-oracle/jre/lib/amd64/libzip.so
7f8373598000-7f83735a3000 r-xp 00000000 08:01 17170536                   /lib/x86_64-linux-gnu/libnss_files-2.19.so
7f83735a3000-7f83737a2000 ---p 0000b000 08:01 17170536                   /lib/x86_64-linux-gnu/libnss_files-2.19.so
7f83737a2000-7f83737a3000 r--p 0000a000 08:01 17170536                   /lib/x86_64-linux-gnu/libnss_files-2.19.so
7f83737a3000-7f83737a4000 rw-p 0000b000 08:01 17170536                   /lib/x86_64-linux-gnu/libnss_files-2.19.so
7f83737a4000-7f83737af000 r-xp 00000000 08:01 17170528                   /lib/x86_64-linux-gnu/libnss_nis-2.19.so
7f83737af000-7f83739ae000 ---p 0000b000 08:01 17170528                   /lib/x86_64-linux-gnu/libnss_nis-2.19.so
7f83739ae000-7f83739af000 r--p 0000a000 08:01 17170528                   /lib/x86_64-linux-gnu/libnss_nis-2.19.so
7f83739af000-7f83739b0000 rw-p 0000b000 08:01 17170528                   /lib/x86_64-linux-gnu/libnss_nis-2.19.so
7f83739b0000-7f83739c7000 r-xp 00000000 08:01 17170524                   /lib/x86_64-linux-gnu/libnsl-2.19.so
7f83739c7000-7f8373bc6000 ---p 00017000 08:01 17170524                   /lib/x86_64-linux-gnu/libnsl-2.19.so
7f8373bc6000-7f8373bc7000 r--p 00016000 08:01 17170524                   /lib/x86_64-linux-gnu/libnsl-2.19.so
7f8373bc7000-7f8373bc8000 rw-p 00017000 08:01 17170524                   /lib/x86_64-linux-gnu/libnsl-2.19.so
7f8373bc8000-7f8373bca000 rw-p 00000000 00:00 0 
7f8373bca000-7f8373bd3000 r-xp 00000000 08:01 17170523                   /lib/x86_64-linux-gnu/libnss_compat-2.19.so
7f8373bd3000-7f8373dd2000 ---p 00009000 08:01 17170523                   /lib/x86_64-linux-gnu/libnss_compat-2.19.so
7f8373dd2000-7f8373dd3000 r--p 00008000 08:01 17170523                   /lib/x86_64-linux-gnu/libnss_compat-2.19.so
7f8373dd3000-7f8373dd4000 rw-p 00009000 08:01 17170523                   /lib/x86_64-linux-gnu/libnss_compat-2.19.so
7f8373dd4000-7f8373dfe000 r-xp 00000000 08:01 18354042                   /usr/lib/jvm/java-8-oracle/jre/lib/amd64/libjava.so
7f8373dfe000-7f8373ffe000 ---p 0002a000 08:01 18354042                   /usr/lib/jvm/java-8-oracle/jre/lib/amd64/libjava.so
7f8373ffe000-7f8374000000 rw-p 0002a000 08:01 18354042                   /usr/lib/jvm/java-8-oracle/jre/lib/amd64/libjava.so
7f8374000000-7f837439f000 rw-p 00000000 00:00 0 
7f837439f000-7f8378000000 ---p 00000000 00:00 0 
7f8378016000-7f837808c000 rw-p 00000000 00:00 0 
7f837808c000-7f8378099000 r-xp 00000000 08:01 18354060                   /usr/lib/jvm/java-8-oracle/jre/lib/amd64/libverify.so
7f8378099000-7f8378299000 ---p 0000d000 08:01 18354060                   /usr/lib/jvm/java-8-oracle/jre/lib/amd64/libverify.so
7f8378299000-7f837829b000 rw-p 0000d000 08:01 18354060                   /usr/lib/jvm/java-8-oracle/jre/lib/amd64/libverify.so
7f837829b000-7f83782a2000 r-xp 00000000 08:01 17170532                   /lib/x86_64-linux-gnu/librt-2.19.so
7f83782a2000-7f83784a1000 ---p 00007000 08:01 17170532                   /lib/x86_64-linux-gnu/librt-2.19.so
7f83784a1000-7f83784a2000 r--p 00006000 08:01 17170532                   /lib/x86_64-linux-gnu/librt-2.19.so
7f83784a2000-7f83784a3000 rw-p 00007000 08:01 17170532                   /lib/x86_64-linux-gnu/librt-2.19.so
7f83784a3000-7f83785a8000 r-xp 00000000 08:01 17170458                   /lib/x86_64-linux-gnu/libm-2.19.so
7f83785a8000-7f83787a7000 ---p 00105000 08:01 17170458                   /lib/x86_64-linux-gnu/libm-2.19.so
7f83787a7000-7f83787a8000 r--p 00104000 08:01 17170458                   /lib/x86_64-linux-gnu/libm-2.19.so
7f83787a8000-7f83787a9000 rw-p 00105000 08:01 17170458                   /lib/x86_64-linux-gnu/libm-2.19.so
7f83787a9000-7f8379469000 r-xp 00000000 08:01 18354068                   /usr/lib/jvm/java-8-oracle/jre/lib/amd64/server/libjvm.so
7f8379469000-7f8379669000 ---p 00cc0000 08:01 18354068                   /usr/lib/jvm/java-8-oracle/jre/lib/amd64/server/libjvm.so
7f8379669000-7f8379741000 rw-p 00cc0000 08:01 18354068                   /usr/lib/jvm/java-8-oracle/jre/lib/amd64/server/libjvm.so
7f8379741000-7f837978c000 rw-p 00000000 00:00 0 
7f837978c000-7f8379947000 r-xp 00000000 08:01 17170533                   /lib/x86_64-linux-gnu/libc-2.19.so
7f8379947000-7f8379b46000 ---p 001bb000 08:01 17170533                   /lib/x86_64-linux-gnu/libc-2.19.so
7f8379b46000-7f8379b4a000 r--p 001ba000 08:01 17170533                   /lib/x86_64-linux-gnu/libc-2.19.so
7f8379b4a000-7f8379b4c000 rw-p 001be000 08:01 17170533                   /lib/x86_64-linux-gnu/libc-2.19.so
7f8379b4c000-7f8379b51000 rw-p 00000000 00:00 0 
7f8379b51000-7f8379b54000 r-xp 00000000 08:01 17170462                   /lib/x86_64-linux-gnu/libdl-2.19.so
7f8379b54000-7f8379d53000 ---p 00003000 08:01 17170462                   /lib/x86_64-linux-gnu/libdl-2.19.so
7f8379d53000-7f8379d54000 r--p 00002000 08:01 17170462                   /lib/x86_64-linux-gnu/libdl-2.19.so
7f8379d54000-7f8379d55000 rw-p 00003000 08:01 17170462                   /lib/x86_64-linux-gnu/libdl-2.19.so
7f8379d55000-7f8379d6a000 r-xp 00000000 08:01 18744109                   /usr/lib/jvm/java-8-oracle/lib/amd64/jli/libjli.so
7f8379d6a000-7f8379f6a000 ---p 00015000 08:01 18744109                   /usr/lib/jvm/java-8-oracle/lib/amd64/jli/libjli.so
7f8379f6a000-7f8379f6b000 rw-p 00015000 08:01 18744109                   /usr/lib/jvm/java-8-oracle/lib/amd64/jli/libjli.so
7f8379f6b000-7f8379f84000 r-xp 00000000 08:01 17170525                   /lib/x86_64-linux-gnu/libpthread-2.19.so
7f8379f84000-7f837a183000 ---p 00019000 08:01 17170525                   /lib/x86_64-linux-gnu/libpthread-2.19.so
7f837a183000-7f837a184000 r--p 00018000 08:01 17170525                   /lib/x86_64-linux-gnu/libpthread-2.19.so
7f837a184000-7f837a185000 rw-p 00019000 08:01 17170525                   /lib/x86_64-linux-gnu/libpthread-2.19.so
7f837a185000-7f837a189000 rw-p 00000000 00:00 0 
7f837a189000-7f837a1ac000 r-xp 00000000 08:01 17170526                   /lib/x86_64-linux-gnu/ld-2.19.so
7f837a1ae000-7f837a1bc000 r--s 000e0000 08:01 16783227                   /root/Android/Sdk/build-tools/24.0.0/lib/dx.jar
7f837a1bc000-7f837a28f000 rw-p 00000000 00:00 0 
7f837a28f000-7f837a292000 ---p 00000000 00:00 0 
7f837a292000-7f837a394000 rw-p 00000000 00:00 0                          [stack:3154]
7f837a39e000-7f837a39f000 rw-p 00000000 00:00 0 
7f837a39f000-7f837a3a7000 rw-s 00000000 08:01 27922095                   /tmp/hsperfdata_root/3148
7f837a3a7000-7f837a3a8000 rw-p 00000000 00:00 0 
7f837a3a8000-7f837a3a9000 ---p 00000000 00:00 0 
7f837a3a9000-7f837a3ab000 rw-p 00000000 00:00 0 
7f837a3ab000-7f837a3ac000 r--p 00022000 08:01 17170526                   /lib/x86_64-linux-gnu/ld-2.19.so
7f837a3ac000-7f837a3ad000 rw-p 00023000 08:01 17170526                   /lib/x86_64-linux-gnu/ld-2.19.so
7f837a3ad000-7f837a3ae000 rw-p 00000000 00:00 0 
7fff85deb000-7fff85e0c000 rw-p 00000000 00:00 0                          [stack]
7fff85e23000-7fff85e25000 r-xp 00000000 00:00 0                          [vdso]
ffffffffff600000-ffffffffff601000 r-xp 00000000 00:00 0                  [vsyscall]

VM Arguments:
jvm_args: -Djava.awt.headless=true -Xmx4g -Dfile.encoding=UTF-8 -Duser.country=IN -Duser.language=en -Duser.variant 
java_command: com.android.dx.command.Main --dex --force-jumbo --num-threads=4 --multi-dex --output /home/samaksh/Desktop/GitProjects/collegedekho-android-app/app/build/intermediates/transforms/dex/debug/folders/1000/5/slice_2 /home/samaksh/Desktop/GitProjects/collegedekho-android-app/app/build/intermediates/transforms/instantRunSlicer/debug/folders/1/5/slice_2
java_class_path (initial): /root/Android/Sdk/build-tools/24.0.0/lib/dx.jar
Launcher Type: SUN_STANDARD

Environment Variables:
PATH=/usr/local/sbin:/usr/local/bin:/usr/sbin:/usr/bin:/sbin:/bin
USERNAME=root
LD_LIBRARY_PATH=.:
SHELL=/bin/bash
DISPLAY=:0

Signal Handlers:
SIGSEGV: [libjvm.so+0xabca10], sa_mask[0]=11111111011111111101111111111110, sa_flags=SA_RESTART|SA_SIGINFO
SIGBUS: [libjvm.so+0xabca10], sa_mask[0]=11111111011111111101111111111110, sa_flags=SA_RESTART|SA_SIGINFO
SIGFPE: [libjvm.so+0x919a20], sa_mask[0]=11111111011111111101111111111110, sa_flags=SA_RESTART|SA_SIGINFO
SIGPIPE: [libjvm.so+0x919a20], sa_mask[0]=11111111011111111101111111111110, sa_flags=SA_RESTART|SA_SIGINFO
SIGXFSZ: [libjvm.so+0x919a20], sa_mask[0]=11111111011111111101111111111110, sa_flags=SA_RESTART|SA_SIGINFO
SIGILL: [libjvm.so+0x919a20], sa_mask[0]=11111111011111111101111111111110, sa_flags=SA_RESTART|SA_SIGINFO
SIGUSR1: SIG_DFL, sa_mask[0]=00000000000000000000000000000000, sa_flags=none
SIGUSR2: [libjvm.so+0x91b050], sa_mask[0]=00100000000000000000000000000000, sa_flags=SA_RESTART|SA_SIGINFO
SIGHUP: [libjvm.so+0x91c450], sa_mask[0]=11111111011111111101111111111110, sa_flags=SA_RESTART|SA_SIGINFO
SIGINT: [libjvm.so+0x91c450], sa_mask[0]=11111111011111111101111111111110, sa_flags=SA_RESTART|SA_SIGINFO
SIGTERM: [libjvm.so+0x91c450], sa_mask[0]=11111111011111111101111111111110, sa_flags=SA_RESTART|SA_SIGINFO
SIGQUIT: [libjvm.so+0x91c450], sa_mask[0]=11111111011111111101111111111110, sa_flags=SA_RESTART|SA_SIGINFO


---------------  S Y S T E M  ---------------

OS:DISTRIB_ID=Ubuntu
DISTRIB_RELEASE=14.04
DISTRIB_CODENAME=trusty
DISTRIB_DESCRIPTION="Ubuntu 14.04.1 LTS"

uname:Linux 3.13.0-32-generic #57-Ubuntu SMP Tue Jul 15 03:51:08 UTC 2014 x86_64
libc:glibc 2.19 NPTL 2.19 
rlimit: STACK 8192k, CORE 0k, NPROC 62953, NOFILE 4096, AS infinity
load average:4.53 2.68 2.27

/proc/meminfo:
MemTotal:        8079640 kB
MemFree:          147320 kB
Buffers:            1788 kB
Cached:          1503056 kB
SwapCached:        49184 kB
Active:          6401280 kB
Inactive:        1282516 kB
Active(anon):    6380472 kB
Inactive(anon):  1260076 kB
Active(file):      20808 kB
Inactive(file):    22440 kB
Unevictable:          32 kB
Mlocked:              32 kB
SwapTotal:       8289276 kB
SwapFree:             16 kB
Dirty:               396 kB
Writeback:             0 kB
AnonPages:       6130316 kB
Mapped:           556740 kB
Shmem:           1461296 kB
Slab:              91552 kB
SReclaimable:      49084 kB
SUnreclaim:        42468 kB
KernelStack:        5248 kB
PageTables:        59924 kB
NFS_Unstable:          0 kB
Bounce:                0 kB
WritebackTmp:          0 kB
CommitLimit:    12329096 kB
Committed_AS:   19509292 kB
VmallocTotal:   34359738367 kB
VmallocUsed:      360672 kB
VmallocChunk:   34359325820 kB
HardwareCorrupted:     0 kB
AnonHugePages:   1972224 kB
HugePages_Total:       0
HugePages_Free:        0
HugePages_Rsvd:        0
HugePages_Surp:        0
Hugepagesize:       2048 kB
DirectMap4k:       66628 kB
DirectMap2M:     1933312 kB
DirectMap1G:     6291456 kB


CPU:total 4 (2 cores per cpu, 2 threads per core) family 6 model 69 stepping 1, cmov, cx8, fxsr, mmx, sse, sse2, sse3, ssse3, sse4.1, sse4.2, popcnt, avx, avx2, aes, clmul, erms, lzcnt, ht, tsc, tscinvbit, bmi1, bmi2

/proc/cpuinfo:
processor	: 0
vendor_id	: GenuineIntel
cpu family	: 6
model		: 69
model name	: Intel(R) Core(TM) i5-4210U CPU @ 1.70GHz
stepping	: 1
microcode	: 0x1c
cpu MHz		: 782.000
cache size	: 3072 KB
physical id	: 0
siblings	: 4
core id		: 0
cpu cores	: 2
apicid		: 0
initial apicid	: 0
fpu		: yes
fpu_exception	: yes
cpuid level	: 13
wp		: yes
flags		: fpu vme de pse tsc msr pae mce cx8 apic sep mtrr pge mca cmov pat pse36 clflush dts acpi mmx fxsr sse sse2 ss ht tm pbe syscall nx pdpe1gb rdtscp lm constant_tsc arch_perfmon pebs bts rep_good nopl xtopology nonstop_tsc aperfmperf eagerfpu pni pclmulqdq dtes64 monitor ds_cpl vmx est tm2 ssse3 fma cx16 xtpr pdcm pcid sse4_1 sse4_2 movbe popcnt tsc_deadline_timer aes xsave avx f16c rdrand lahf_lm abm ida arat epb xsaveopt pln pts dtherm tpr_shadow vnmi flexpriority ept vpid fsgsbase tsc_adjust bmi1 avx2 smep bmi2 erms invpcid
bogomips	: 3392.07
clflush size	: 64
cache_alignment	: 64
address sizes	: 39 bits physical, 48 bits virtual
power management:

processor	: 1
vendor_id	: GenuineIntel
cpu family	: 6
model		: 69
model name	: Intel(R) Core(TM) i5-4210U CPU @ 1.70GHz
stepping	: 1
microcode	: 0x1c
cpu MHz		: 1700.000
cache size	: 3072 KB
physical id	: 0
siblings	: 4
core id		: 1
cpu cores	: 2
apicid		: 2
initial apicid	: 2
fpu		: yes
fpu_exception	: yes
cpuid level	: 13
wp		: yes
flags		: fpu vme de pse tsc msr pae mce cx8 apic sep mtrr pge mca cmov pat pse36 clflush dts acpi mmx fxsr sse sse2 ss ht tm pbe syscall nx pdpe1gb rdtscp lm constant_tsc arch_perfmon pebs bts rep_good nopl xtopology nonstop_tsc aperfmperf eagerfpu pni pclmulqdq dtes64 monitor ds_cpl vmx est tm2 ssse3 fma cx16 xtpr pdcm pcid sse4_1 sse4_2 movbe popcnt tsc_deadline_timer aes xsave avx f16c rdrand lahf_lm abm ida arat epb xsaveopt pln pts dtherm tpr_shadow vnmi flexpriority ept vpid fsgsbase tsc_adjust bmi1 avx2 smep bmi2 erms invpcid
bogomips	: 3392.07
clflush size	: 64
cache_alignment	: 64
address sizes	: 39 bits physical, 48 bits virtual
power management:

processor	: 2
vendor_id	: GenuineIntel
cpu family	: 6
model		: 69
model name	: Intel(R) Core(TM) i5-4210U CPU @ 1.70GHz
stepping	: 1
microcode	: 0x1c
cpu MHz		: 782.000
cache size	: 3072 KB
physical id	: 0
siblings	: 4
core id		: 0
cpu cores	: 2
apicid		: 1
initial apicid	: 1
fpu		: yes
fpu_exception	: yes
cpuid level	: 13
wp		: yes
flags		: fpu vme de pse tsc msr pae mce cx8 apic sep mtrr pge mca cmov pat pse36 clflush dts acpi mmx fxsr sse sse2 ss ht tm pbe syscall nx pdpe1gb rdtscp lm constant_tsc arch_perfmon pebs bts rep_good nopl xtopology nonstop_tsc aperfmperf eagerfpu pni pclmulqdq dtes64 monitor ds_cpl vmx est tm2 ssse3 fma cx16 xtpr pdcm pcid sse4_1 sse4_2 movbe popcnt tsc_deadline_timer aes xsave avx f16c rdrand lahf_lm abm ida arat epb xsaveopt pln pts dtherm tpr_shadow vnmi flexpriority ept vpid fsgsbase tsc_adjust bmi1 avx2 smep bmi2 erms invpcid
bogomips	: 3392.07
clflush size	: 64
cache_alignment	: 64
address sizes	: 39 bits physical, 48 bits virtual
power management:

processor	: 3
vendor_id	: GenuineIntel
cpu family	: 6
model		: 69
model name	: Intel(R) Core(TM) i5-4210U CPU @ 1.70GHz
stepping	: 1
microcode	: 0x1c
cpu MHz		: 1400.000
cache size	: 3072 KB
physical id	: 0
siblings	: 4
core id		: 1
cpu cores	: 2
apicid		: 3
initial apicid	: 3
fpu		: yes
fpu_exception	: yes
cpuid level	: 13
wp		: yes
flags		: fpu vme de pse tsc msr pae mce cx8 apic sep mtrr pge mca cmov pat pse36 clflush dts acpi mmx fxsr sse sse2 ss ht tm pbe syscall nx pdpe1gb rdtscp lm constant_tsc arch_perfmon pebs bts rep_good nopl xtopology nonstop_tsc aperfmperf eagerfpu pni pclmulqdq dtes64 monitor ds_cpl vmx est tm2 ssse3 fma cx16 xtpr pdcm pcid sse4_1 sse4_2 movbe popcnt tsc_deadline_timer aes xsave avx f16c rdrand lahf_lm abm ida arat epb xsaveopt pln pts dtherm tpr_shadow vnmi flexpriority ept vpid fsgsbase tsc_adjust bmi1 avx2 smep bmi2 erms invpcid
bogomips	: 3392.07
clflush size	: 64
cache_alignment	: 64
address sizes	: 39 bits physical, 48 bits virtual
power management:



Memory: 4k page, physical 8079640k(147320k free), swap 8289276k(16k free)

vm_info: Java HotSpot(TM) 64-Bit Server VM (25.91-b14) for linux-amd64 JRE (1.8.0_91-b14), built on Apr  1 2016 00:57:21 by "java_re" with gcc 4.3.0 20080428 (Red Hat 4.3.0-8)

time: Wed Jul 27 17:32:13 2016
elapsed time: 8 seconds (0d 0h 0m 8s)

