#
# There is insufficient memory for the Java Runtime Environment to continue.
# Native memory allocation (mmap) failed to map 102760448 bytes for committing reserved memory.
# Possible reasons:
#   The system is out of physical RAM or swap space
#   In 32 bit mode, the process size limit was hit
# Possible solutions:
#   Reduce memory load on the system
#   Increase physical memory or swap space
#   Check if swap backing store is full
#   Use 64 bit Java on a 64 bit OS
#   Decrease Java heap size (-Xmx/-Xms)
#   Decrease number of Java threads
#   Decrease Java thread stack sizes (-Xss)
#   Set larger code cache with -XX:ReservedCodeCacheSize=
# This output file may be truncated or incomplete.
#
#  Out of Memory Error (os_linux.cpp:2627), pid=5451, tid=140550413776640
#
# JRE version: Java(TM) SE Runtime Environment (8.0_91-b14) (build 1.8.0_91-b14)
# Java VM: Java HotSpot(TM) 64-Bit Server VM (25.91-b14 mixed mode linux-amd64 compressed oops)
# Failed to write core dump. Core dumps have been disabled. To enable core dumping, try "ulimit -c unlimited" before starting Java again
#

---------------  T H R E A D  ---------------

Current thread (0x00007fd48c078000):  VMThread [stack: 0x00007fd4716c7000,0x00007fd4717c8000] [id=5465]

Stack: [0x00007fd4716c7000,0x00007fd4717c8000],  sp=0x00007fd4717c5f60,  free space=1019k
Native frames: (J=compiled Java code, j=interpreted, Vv=VM code, C=native code)
V  [libjvm.so+0xabc18a]  VMError::report_and_die()+0x2ba
V  [libjvm.so+0x4fafeb]  report_vm_out_of_memory(char const*, int, unsigned long, VMErrorType, char const*)+0x8b
V  [libjvm.so+0x91cbb3]  os::Linux::commit_memory_impl(char*, unsigned long, bool)+0x103
V  [libjvm.so+0x91d109]  os::pd_commit_memory(char*, unsigned long, unsigned long, bool)+0x29
V  [libjvm.so+0x91740a]  os::commit_memory(char*, unsigned long, unsigned long, bool)+0x2a
V  [libjvm.so+0x98b033]  PSVirtualSpace::expand_by(unsigned long)+0x53
V  [libjvm.so+0x98c438]  PSYoungGen::resize_generation(unsigned long, unsigned long)+0xf8
V  [libjvm.so+0x98b592]  PSYoungGen::resize(unsigned long, unsigned long)+0x22
V  [libjvm.so+0x98886b]  PSScavenge::invoke_no_policy()+0xf3b
V  [libjvm.so+0x988ff1]  PSScavenge::invoke()+0x41
V  [libjvm.so+0x9408b0]  ParallelScavengeHeap::failed_mem_allocate(unsigned long)+0x70
V  [libjvm.so+0xabdba7]  VM_ParallelGCFailedAllocation::doit()+0x97
V  [libjvm.so+0xac55d5]  VM_Operation::evaluate()+0x55
V  [libjvm.so+0xac39aa]  VMThread::evaluate_operation(VM_Operation*)+0xba
V  [libjvm.so+0xac3d2e]  VMThread::loop()+0x1ce
V  [libjvm.so+0xac41a0]  VMThread::run()+0x70
V  [libjvm.so+0x91ef78]  java_start(Thread*)+0x108

VM_Operation (0x00007fd4706d9dc0): ParallelGCFailedAllocation, mode: safepoint, requested by thread 0x00007fd48c128800


---------------  P R O C E S S  ---------------

Java Threads: ( => current thread )
  0x00007fd48c128800 JavaThread "pool-1-thread-1" [_thread_blocked, id=5654, stack(0x00007fd4705db000,0x00007fd4706dc000)]
  0x00007fd48c0c0000 JavaThread "Service Thread" daemon [_thread_blocked, id=5478, stack(0x00007fd4708de000,0x00007fd4709df000)]
  0x00007fd48c0bd000 JavaThread "C1 CompilerThread2" daemon [_thread_blocked, id=5477, stack(0x00007fd4709df000,0x00007fd470ae0000)]
  0x00007fd48c0bb800 JavaThread "C2 CompilerThread1" daemon [_thread_blocked, id=5476, stack(0x00007fd470ae0000,0x00007fd470be1000)]
  0x00007fd48c0b8800 JavaThread "C2 CompilerThread0" daemon [_thread_blocked, id=5475, stack(0x00007fd470be1000,0x00007fd470ce2000)]
  0x00007fd48c0b7000 JavaThread "Signal Dispatcher" daemon [_thread_blocked, id=5474, stack(0x00007fd470ce2000,0x00007fd470de3000)]
  0x00007fd48c084000 JavaThread "Finalizer" daemon [_thread_blocked, id=5467, stack(0x00007fd4714c5000,0x00007fd4715c6000)]
  0x00007fd48c07f800 JavaThread "Reference Handler" daemon [_thread_blocked, id=5466, stack(0x00007fd4715c6000,0x00007fd4716c7000)]
  0x00007fd48c00a000 JavaThread "main" [_thread_blocked, id=5454, stack(0x00007fd492dd2000,0x00007fd492ed3000)]

Other Threads:
=>0x00007fd48c078000 VMThread [stack: 0x00007fd4716c7000,0x00007fd4717c8000] [id=5465]
  0x00007fd48c0c3000 WatcherThread [stack: 0x00007fd4707dd000,0x00007fd4708de000] [id=5480]

VM state:at safepoint (normal execution)

VM Mutex/Monitor currently owned by a thread:  ([mutex/lock_event])
[0x00007fd48c0064d0] Threads_lock - owner thread: 0x00007fd48c078000
[0x00007fd48c0069d0] Heap_lock - owner thread: 0x00007fd48c128800

Heap:
 PSYoungGen      total 286720K, used 44521K [0x000000076ab00000, 0x000000077fa00000, 0x00000007c0000000)
  eden space 242176K, 0% used [0x000000076ab00000,0x000000076ab00000,0x0000000779780000)
  from space 44544K, 99% used [0x000000077ce80000,0x000000077f9fa4c8,0x000000077fa00000)
  to   space 34816K, 0% used [0x0000000779780000,0x0000000779780000,0x000000077b980000)
 ParOldGen       total 122880K, used 56239K [0x00000006c0000000, 0x00000006c7800000, 0x000000076ab00000)
  object space 122880K, 45% used [0x00000006c0000000,0x00000006c36ebe00,0x00000006c7800000)
 Metaspace       used 6517K, capacity 7440K, committed 7680K, reserved 1056768K
  class space    used 615K, capacity 648K, committed 768K, reserved 1048576K

Card table byte_map: [0x00007fd47c224000,0x00007fd47ca25000] byte_map_base: 0x00007fd478c24000

Marking Bits: (ParMarkBitMap*) 0x00007fd4922a2d60
 Begin Bits: [0x00007fd4739cb000, 0x00007fd4779cb000)
 End Bits:   [0x00007fd4779cb000, 0x00007fd47b9cb000)

Polling page: 0x00007fd492eeb000

CodeCache: size=245760Kb used=9314Kb max_used=9325Kb free=236446Kb
 bounds [0x00007fd47cde5000, 0x00007fd47d715000, 0x00007fd48bde5000]
 total_blobs=2502 nmethods=2240 adapters=175
 compilation: enabled

Compilation events (10 events):
Event: 24.313 Thread 0x00007fd48c0bd000 2555       2       com.android.dx.dex.code.form.Form22t::branchFits (22 bytes)
Event: 24.313 Thread 0x00007fd48c0bd000 nmethod 2555 0x00007fd47d6fe2d0 code [0x00007fd47d6fe460, 0x00007fd47d6fe778]
Event: 24.315 Thread 0x00007fd48c0bd000 2556       2       com.android.dx.dex.code.CatchHandlerList::get (9 bytes)
Event: 24.315 Thread 0x00007fd48c0bd000 nmethod 2556 0x00007fd47d6f6790 code [0x00007fd47d6f6900, 0x00007fd47d6f6aa8]
Event: 24.320 Thread 0x00007fd48c0b8800 nmethod 1284 0x00007fd47d704f10 code [0x00007fd47d705060, 0x00007fd47d7051d8]
Event: 24.320 Thread 0x00007fd48c0b8800 1576       4       com.android.dx.ssa.SsaMethod::updateOneDefinition (70 bytes)
Event: 24.323 Thread 0x00007fd48c0b8800 nmethod 1576 0x00007fd47d6fe050 code [0x00007fd47d6fe1a0, 0x00007fd47d6fe238]
Event: 24.323 Thread 0x00007fd48c0b8800 1478       4       com.android.dx.ssa.SsaMethod$2::visitNonMoveInsn (6 bytes)
Event: 24.323 Thread 0x00007fd48c0b8800 nmethod 1478 0x00007fd47d6f8110 code [0x00007fd47d6f8260, 0x00007fd47d6f82e8]
Event: 24.323 Thread 0x00007fd48c0b8800 1513       4       java.lang.Math::max (11 bytes)

GC Heap History (10 events):
Event: 5.035 GC heap after
Heap after GC invocations=4 (full 0):
 PSYoungGen      total 132096K, used 5091K [0x000000076ab00000, 0x0000000773100000, 0x00000007c0000000)
  eden space 126976K, 0% used [0x000000076ab00000,0x000000076ab00000,0x0000000772700000)
  from space 5120K, 99% used [0x0000000772c00000,0x00000007730f8d80,0x0000000773100000)
  to   space 5120K, 0% used [0x0000000772700000,0x0000000772700000,0x0000000772c00000)
 ParOldGen       total 84992K, used 51806K [0x00000006c0000000, 0x00000006c5300000, 0x000000076ab00000)
  object space 84992K, 60% used [0x00000006c0000000,0x00000006c3297838,0x00000006c5300000)
 Metaspace       used 5777K, capacity 6960K, committed 7040K, reserved 1056768K
  class space    used 578K, capacity 616K, committed 640K, reserved 1048576K
}
Event: 7.637 GC heap before
{Heap before GC invocations=5 (full 0):
 PSYoungGen      total 132096K, used 132067K [0x000000076ab00000, 0x0000000773100000, 0x00000007c0000000)
  eden space 126976K, 100% used [0x000000076ab00000,0x0000000772700000,0x0000000772700000)
  from space 5120K, 99% used [0x0000000772c00000,0x00000007730f8d80,0x0000000773100000)
  to   space 5120K, 0% used [0x0000000772700000,0x0000000772700000,0x0000000772c00000)
 ParOldGen       total 84992K, used 51806K [0x00000006c0000000, 0x00000006c5300000, 0x000000076ab00000)
  object space 84992K, 60% used [0x00000006c0000000,0x00000006c3297838,0x00000006c5300000)
 Metaspace       used 5895K, capacity 7088K, committed 7296K, reserved 1056768K
  class space    used 578K, capacity 616K, committed 640K, reserved 1048576K
Event: 7.867 GC heap after
Heap after GC invocations=5 (full 0):
 PSYoungGen      total 132096K, used 5105K [0x000000076ab00000, 0x000000077ec00000, 0x00000007c0000000)
  eden space 126976K, 0% used [0x000000076ab00000,0x000000076ab00000,0x0000000772700000)
  from space 5120K, 99% used [0x0000000772700000,0x0000000772bfc770,0x0000000772c00000)
  to   space 37376K, 0% used [0x000000077c780000,0x000000077c780000,0x000000077ec00000)
 ParOldGen       total 84992K, used 74244K [0x00000006c0000000, 0x00000006c5300000, 0x000000076ab00000)
  object space 84992K, 87% used [0x00000006c0000000,0x00000006c48810c8,0x00000006c5300000)
 Metaspace       used 5895K, capacity 7088K, committed 7296K, reserved 1056768K
  class space    used 578K, capacity 616K, committed 640K, reserved 1048576K
}
Event: 7.867 GC heap before
{Heap before GC invocations=6 (full 1):
 PSYoungGen      total 132096K, used 5105K [0x000000076ab00000, 0x000000077ec00000, 0x00000007c0000000)
  eden space 126976K, 0% used [0x000000076ab00000,0x000000076ab00000,0x0000000772700000)
  from space 5120K, 99% used [0x0000000772700000,0x0000000772bfc770,0x0000000772c00000)
  to   space 37376K, 0% used [0x000000077c780000,0x000000077c780000,0x000000077ec00000)
 ParOldGen       total 84992K, used 74244K [0x00000006c0000000, 0x00000006c5300000, 0x000000076ab00000)
  object space 84992K, 87% used [0x00000006c0000000,0x00000006c48810c8,0x00000006c5300000)
 Metaspace       used 5895K, capacity 7088K, committed 7296K, reserved 1056768K
  class space    used 578K, capacity 616K, committed 640K, reserved 1048576K
Event: 9.056 GC heap after
Heap after GC invocations=6 (full 1):
 PSYoungGen      total 132096K, used 0K [0x000000076ab00000, 0x000000077ec00000, 0x00000007c0000000)
  eden space 126976K, 0% used [0x000000076ab00000,0x000000076ab00000,0x0000000772700000)
  from space 5120K, 0% used [0x0000000772700000,0x0000000772700000,0x0000000772c00000)
  to   space 37376K, 0% used [0x000000077c780000,0x000000077c780000,0x000000077ec00000)
 ParOldGen       total 122880K, used 40032K [0x00000006c0000000, 0x00000006c7800000, 0x000000076ab00000)
  object space 122880K, 32% used [0x00000006c0000000,0x00000006c2718318,0x00000006c7800000)
 Metaspace       used 5895K, capacity 7088K, committed 7296K, reserved 1056768K
  class space    used 578K, capacity 616K, committed 640K, reserved 1048576K
}
Event: 10.473 GC heap before
{Heap before GC invocations=7 (full 1):
 PSYoungGen      total 132096K, used 126976K [0x000000076ab00000, 0x000000077ec00000, 0x00000007c0000000)
  eden space 126976K, 100% used [0x000000076ab00000,0x0000000772700000,0x0000000772700000)
  from space 5120K, 0% used [0x0000000772700000,0x0000000772700000,0x0000000772c00000)
  to   space 37376K, 0% used [0x000000077c780000,0x000000077c780000,0x000000077ec00000)
 ParOldGen       total 122880K, used 40032K [0x00000006c0000000, 0x00000006c7800000, 0x000000076ab00000)
  object space 122880K, 32% used [0x00000006c0000000,0x00000006c2718318,0x00000006c7800000)
 Metaspace       used 5986K, capacity 7152K, committed 7296K, reserved 1056768K
  class space    used 578K, capacity 616K, committed 640K, reserved 1048576K
Event: 10.667 GC heap after
Heap after GC invocations=7 (full 1):
 PSYoungGen      total 198144K, used 20311K [0x000000076ab00000, 0x000000077db80000, 0x00000007c0000000)
  eden space 177664K, 0% used [0x000000076ab00000,0x000000076ab00000,0x0000000775880000)
  from space 20480K, 99% used [0x000000077c780000,0x000000077db55d98,0x000000077db80000)
  to   space 34816K, 0% used [0x0000000779780000,0x0000000779780000,0x000000077b980000)
 ParOldGen       total 122880K, used 40032K [0x00000006c0000000, 0x00000006c7800000, 0x000000076ab00000)
  object space 122880K, 32% used [0x00000006c0000000,0x00000006c2718318,0x00000006c7800000)
 Metaspace       used 5986K, capacity 7152K, committed 7296K, reserved 1056768K
  class space    used 578K, capacity 616K, committed 640K, reserved 1048576K
}
Event: 12.677 GC heap before
{Heap before GC invocations=8 (full 1):
 PSYoungGen      total 198144K, used 197975K [0x000000076ab00000, 0x000000077db80000, 0x00000007c0000000)
  eden space 177664K, 100% used [0x000000076ab00000,0x0000000775880000,0x0000000775880000)
  from space 20480K, 99% used [0x000000077c780000,0x000000077db55d98,0x000000077db80000)
  to   space 34816K, 0% used [0x0000000779780000,0x0000000779780000,0x000000077b980000)
 ParOldGen       total 122880K, used 40032K [0x00000006c0000000, 0x00000006c7800000, 0x000000076ab00000)
  object space 122880K, 32% used [0x00000006c0000000,0x00000006c2718318,0x00000006c7800000)
 Metaspace       used 6137K, capacity 7152K, committed 7296K, reserved 1056768K
  class space    used 597K, capacity 616K, committed 640K, reserved 1048576K
Event: 12.990 GC heap after
Heap after GC invocations=8 (full 1):
 PSYoungGen      total 276992K, used 34803K [0x000000076ab00000, 0x000000077fa00000, 0x00000007c0000000)
  eden space 242176K, 0% used [0x000000076ab00000,0x000000076ab00000,0x0000000779780000)
  from space 34816K, 99% used [0x0000000779780000,0x000000077b97cd40,0x000000077b980000)
  to   space 44544K, 0% used [0x000000077ce80000,0x000000077ce80000,0x000000077fa00000)
 ParOldGen       total 122880K, used 48794K [0x00000006c0000000, 0x00000006c7800000, 0x000000076ab00000)
  object space 122880K, 39% used [0x00000006c0000000,0x00000006c2fa6a88,0x00000006c7800000)
 Metaspace       used 6137K, capacity 7152K, committed 7296K, reserved 1056768K
  class space    used 597K, capacity 616K, committed 640K, reserved 1048576K
}
Event: 24.325 GC heap before
{Heap before GC invocations=9 (full 1):
 PSYoungGen      total 276992K, used 276979K [0x000000076ab00000, 0x000000077fa00000, 0x00000007c0000000)
  eden space 242176K, 100% used [0x000000076ab00000,0x0000000779780000,0x0000000779780000)
  from space 34816K, 99% used [0x0000000779780000,0x000000077b97cd40,0x000000077b980000)
  to   space 44544K, 0% used [0x000000077ce80000,0x000000077ce80000,0x000000077fa00000)
 ParOldGen       total 122880K, used 48794K [0x00000006c0000000, 0x00000006c7800000, 0x000000076ab00000)
  object space 122880K, 39% used [0x00000006c0000000,0x00000006c2fa6a88,0x00000006c7800000)
 Metaspace       used 6517K, capacity 7440K, committed 7680K, reserved 1056768K
  class space    used 615K, capacity 648K, committed 768K, reserved 1048576K

Deoptimization events (10 events):
Event: 13.006 Thread 0x00007fd48c128800 Uncommon trap: reason=unstable_if action=reinterpret pc=0x00007fd47d2fdbf4 method=java.util.HashMap.putVal(ILjava/lang/Object;Ljava/lang/Object;ZZ)Ljava/lang/Object; @ 162
Event: 13.591 Thread 0x00007fd48c00a000 Uncommon trap: reason=null_check action=make_not_entrant pc=0x00007fd47d537388 method=com.android.dx.rop.type.Type.putIntern(Lcom/android/dx/rop/type/Type;)Lcom/android/dx/rop/type/Type; @ 18
Event: 14.670 Thread 0x00007fd48c12f800 Uncommon trap: reason=unstable_if action=reinterpret pc=0x00007fd47d55f8f8 method=com.android.dx.rop.code.RegisterSpecSet.put(Lcom/android/dx/rop/code/RegisterSpec;)V @ 77
Event: 19.442 Thread 0x00007fd48c12e000 Uncommon trap: reason=unstable_if action=reinterpret pc=0x00007fd47d5acb30 method=com.android.dx.ssa.back.IdenticalBlockCombiner.combineBlocks(ILcom/android/dx/util/IntList;)V @ 11
Event: 19.594 Thread 0x00007fd48c128800 Uncommon trap: reason=class_check action=maybe_recompile pc=0x00007fd47d4b83f4 method=java.util.Arrays.hashCode([Ljava/lang/Object;)I @ 43
Event: 19.594 Thread 0x00007fd48c128800 Uncommon trap: reason=class_check action=maybe_recompile pc=0x00007fd47d4b83f4 method=java.util.Arrays.hashCode([Ljava/lang/Object;)I @ 43
Event: 19.594 Thread 0x00007fd48c128800 Uncommon trap: reason=class_check action=maybe_recompile pc=0x00007fd47d4b83f4 method=java.util.Arrays.hashCode([Ljava/lang/Object;)I @ 43
Event: 19.594 Thread 0x00007fd48c128800 Uncommon trap: reason=class_check action=maybe_recompile pc=0x00007fd47d4b83f4 method=java.util.Arrays.hashCode([Ljava/lang/Object;)I @ 43
Event: 21.873 Thread 0x00007fd48c128800 Uncommon trap: reason=unstable_if action=reinterpret pc=0x00007fd47d1aaec0 method=java.util.Arrays.equals([Ljava/lang/Object;[Ljava/lang/Object;)Z @ 23
Event: 23.689 Thread 0x00007fd48c128800 Uncommon trap: reason=unstable_if action=reinterpret pc=0x00007fd47d52c504 method=com.android.dx.rop.code.RegisterSpecSet.equals(Ljava/lang/Object;)Z @ 30

Internal exceptions (6 events):
Event: 0.101 Thread 0x00007fd48c00a000 Exception <a 'java/lang/NoSuchMethodError': Method sun.misc.Unsafe.defineClass(Ljava/lang/String;[BII)Ljava/lang/Class; name or signature does not match> (0x000000076ab07cc0) thrown at [/HUDSON/workspace/8-2-build-linux-amd64/jdk8u91/6644/hotspot/src/shar
Event: 0.101 Thread 0x00007fd48c00a000 Exception <a 'java/lang/NoSuchMethodError': Method sun.misc.Unsafe.prefetchRead(Ljava/lang/Object;J)V name or signature does not match> (0x000000076ab07fa8) thrown at [/HUDSON/workspace/8-2-build-linux-amd64/jdk8u91/6644/hotspot/src/share/vm/prims/jni.cpp
Event: 11.996 Thread 0x00007fd48c128800 Exception <a 'java/lang/ArrayIndexOutOfBoundsException': 18> (0x00000007724adb70) thrown at [/HUDSON/workspace/8-2-build-linux-amd64/jdk8u91/6644/hotspot/src/share/vm/interpreter/interpreterRuntime.cpp, line 366]
Event: 11.997 Thread 0x00007fd48c128800 Exception <a 'java/lang/ArrayIndexOutOfBoundsException'> (0x00000007724af6f0) thrown at [/HUDSON/workspace/8-2-build-linux-amd64/jdk8u91/6644/hotspot/src/share/vm/runtime/sharedRuntime.cpp, line 605]
Event: 11.998 Thread 0x00007fd48c128800 Exception <a 'java/lang/ArrayIndexOutOfBoundsException'> (0x00000007724b09d8) thrown at [/HUDSON/workspace/8-2-build-linux-amd64/jdk8u91/6644/hotspot/src/share/vm/runtime/sharedRuntime.cpp, line 605]
Event: 13.591 Thread 0x00007fd48c00a000 Implicit null exception at 0x00007fd47d537763 to 0x00007fd47d537345

Events (10 events):
Event: 23.184 Thread 0x00007fd48c128800 DEOPT PACKING pc=0x00007fd47d67d498 sp=0x00007fd4706d9f40
Event: 23.184 Thread 0x00007fd48c128800 DEOPT UNPACKING pc=0x00007fd47ce2c633 sp=0x00007fd4706d9ce0 mode 0
Event: 23.601 Thread 0x00007fd48c128800 Uncommon trap: trap_request=0xffffff65 fr.pc=0x00007fd47d52c504
Event: 23.689 Thread 0x00007fd48c128800 DEOPT PACKING pc=0x00007fd47d52c504 sp=0x00007fd4706d9fa0
Event: 23.692 Thread 0x00007fd48c128800 DEOPT UNPACKING pc=0x00007fd47cdea229 sp=0x00007fd4706d9f40 mode 2
Event: 23.989 Thread 0x00007fd48c128800 DEOPT PACKING pc=0x00007fd47d67a791 sp=0x00007fd4706da170
Event: 23.989 Thread 0x00007fd48c128800 DEOPT UNPACKING pc=0x00007fd47ce2c633 sp=0x00007fd4706d9f98 mode 0
Event: 24.255 Thread 0x00007fd48c128800 DEOPT PACKING pc=0x00007fd47d67a791 sp=0x00007fd4706da170
Event: 24.255 Thread 0x00007fd48c128800 DEOPT UNPACKING pc=0x00007fd47ce2c633 sp=0x00007fd4706d9f98 mode 0
Event: 24.325 Executing VM operation: ParallelGCFailedAllocation


Dynamic libraries:
00400000-00401000 r-xp 00000000 08:01 18622227                           /usr/lib/jvm/java-8-oracle/bin/java
00600000-00601000 rw-p 00000000 08:01 18622227                           /usr/lib/jvm/java-8-oracle/bin/java
01b26000-01b47000 rw-p 00000000 00:00 0                                  [heap]
6c0000000-6c7800000 rw-p 00000000 00:00 0 
6c7800000-76ab00000 ---p 00000000 00:00 0 
76ab00000-77fa00000 rw-p 00000000 00:00 0 
785c00000-7c0000000 ---p 00000000 00:00 0 
7c0000000-7c00c0000 rw-p 00000000 00:00 0 
7c00c0000-800000000 ---p 00000000 00:00 0 
7fd424000000-7fd42402a000 rw-p 00000000 00:00 0 
7fd42402a000-7fd428000000 ---p 00000000 00:00 0 
7fd42c000000-7fd42c021000 rw-p 00000000 00:00 0 
7fd42c021000-7fd430000000 ---p 00000000 00:00 0 
7fd430000000-7fd430035000 rw-p 00000000 00:00 0 
7fd430035000-7fd434000000 ---p 00000000 00:00 0 
7fd434000000-7fd43402b000 rw-p 00000000 00:00 0 
7fd43402b000-7fd438000000 ---p 00000000 00:00 0 
7fd438000000-7fd438039000 rw-p 00000000 00:00 0 
7fd438039000-7fd43c000000 ---p 00000000 00:00 0 
7fd43c000000-7fd43c021000 rw-p 00000000 00:00 0 
7fd43c021000-7fd440000000 ---p 00000000 00:00 0 
7fd440000000-7fd440021000 rw-p 00000000 00:00 0 
7fd440021000-7fd444000000 ---p 00000000 00:00 0 
7fd444000000-7fd445ac5000 rw-p 00000000 00:00 0 
7fd445ac5000-7fd448000000 ---p 00000000 00:00 0 
7fd448000000-7fd448e1d000 rw-p 00000000 00:00 0 
7fd448e1d000-7fd44c000000 ---p 00000000 00:00 0 
7fd44c000000-7fd44c021000 rw-p 00000000 00:00 0 
7fd44c021000-7fd450000000 ---p 00000000 00:00 0 
7fd450000000-7fd451423000 rw-p 00000000 00:00 0 
7fd451423000-7fd454000000 ---p 00000000 00:00 0 
7fd454000000-7fd454021000 rw-p 00000000 00:00 0 
7fd454021000-7fd458000000 ---p 00000000 00:00 0 
7fd458000000-7fd458021000 rw-p 00000000 00:00 0 
7fd458021000-7fd45c000000 ---p 00000000 00:00 0 
7fd45c000000-7fd45c021000 rw-p 00000000 00:00 0 
7fd45c021000-7fd460000000 ---p 00000000 00:00 0 
7fd460000000-7fd460295000 rw-p 00000000 00:00 0 
7fd460295000-7fd464000000 ---p 00000000 00:00 0 
7fd464000000-7fd464021000 rw-p 00000000 00:00 0 
7fd464021000-7fd468000000 ---p 00000000 00:00 0 
7fd468000000-7fd468021000 rw-p 00000000 00:00 0 
7fd468021000-7fd46c000000 ---p 00000000 00:00 0 
7fd46c000000-7fd46c021000 rw-p 00000000 00:00 0 
7fd46c021000-7fd470000000 ---p 00000000 00:00 0 
7fd4702d8000-7fd4702db000 ---p 00000000 00:00 0 
7fd4702db000-7fd4703d9000 rw-p 00000000 00:00 0 
7fd4703d9000-7fd4703dc000 ---p 00000000 00:00 0 
7fd4703dc000-7fd4704da000 rw-p 00000000 00:00 0 
7fd4704da000-7fd4704dd000 ---p 00000000 00:00 0 
7fd4704dd000-7fd4705db000 rw-p 00000000 00:00 0 
7fd4705db000-7fd4705de000 ---p 00000000 00:00 0 
7fd4705de000-7fd4706dc000 rw-p 00000000 00:00 0                          [stack:5654]
7fd4706dc000-7fd4706df000 ---p 00000000 00:00 0 
7fd4706df000-7fd4707dd000 rw-p 00000000 00:00 0 
7fd4707dd000-7fd4707de000 ---p 00000000 00:00 0 
7fd4707de000-7fd4708de000 rw-p 00000000 00:00 0                          [stack:5480]
7fd4708de000-7fd4708e1000 ---p 00000000 00:00 0 
7fd4708e1000-7fd4709df000 rw-p 00000000 00:00 0                          [stack:5478]
7fd4709df000-7fd4709e2000 ---p 00000000 00:00 0 
7fd4709e2000-7fd470ae0000 rw-p 00000000 00:00 0                          [stack:5477]
7fd470ae0000-7fd470ae3000 ---p 00000000 00:00 0 
7fd470ae3000-7fd470be1000 rw-p 00000000 00:00 0                          [stack:5476]
7fd470be1000-7fd470be4000 ---p 00000000 00:00 0 
7fd470be4000-7fd470ce2000 rw-p 00000000 00:00 0                          [stack:5475]
7fd470ce2000-7fd470ce5000 ---p 00000000 00:00 0 
7fd470ce5000-7fd470de3000 rw-p 00000000 00:00 0                          [stack:5474]
7fd470de3000-7fd4714c5000 r--p 00000000 08:01 18094678                   /usr/lib/locale/locale-archive
7fd4714c5000-7fd4714c8000 ---p 00000000 00:00 0 
7fd4714c8000-7fd4715c6000 rw-p 00000000 00:00 0                          [stack:5467]
7fd4715c6000-7fd4715c9000 ---p 00000000 00:00 0 
7fd4715c9000-7fd4716c7000 rw-p 00000000 00:00 0                          [stack:5466]
7fd4716c7000-7fd4716c8000 ---p 00000000 00:00 0 
7fd4716c8000-7fd47277c000 rw-p 00000000 00:00 0                          [stack:5465]
7fd47277c000-7fd472955000 r--s 03d1f000 08:01 18226439                   /usr/lib/jvm/java-8-oracle/jre/lib/rt.jar
7fd472955000-7fd47308b000 rw-p 00000000 00:00 0 
7fd47308b000-7fd4731cb000 ---p 00000000 00:00 0 
7fd4731cb000-7fd47b9cb000 rw-p 00000000 00:00 0 
7fd47b9cb000-7fd47b9cc000 ---p 00000000 00:00 0 
7fd47b9cc000-7fd47bacc000 rw-p 00000000 00:00 0                          [stack:5463]
7fd47bacc000-7fd47bacd000 ---p 00000000 00:00 0 
7fd47bacd000-7fd47bbcd000 rw-p 00000000 00:00 0                          [stack:5461]
7fd47bbcd000-7fd47bbce000 ---p 00000000 00:00 0 
7fd47bbce000-7fd47bd0a000 rw-p 00000000 00:00 0                          [stack:5460]
7fd47bd0a000-7fd47c224000 ---p 00000000 00:00 0 
7fd47c224000-7fd47c260000 rw-p 00000000 00:00 0 
7fd47c260000-7fd47c779000 ---p 00000000 00:00 0 
7fd47c779000-7fd47c821000 rw-p 00000000 00:00 0 
7fd47c821000-7fd47ca24000 ---p 00000000 00:00 0 
7fd47ca24000-7fd47ca4a000 rw-p 00000000 00:00 0 
7fd47ca4a000-7fd47cde5000 ---p 00000000 00:00 0 
7fd47cde5000-7fd47d715000 rwxp 00000000 00:00 0 
7fd47d715000-7fd48bde5000 ---p 00000000 00:00 0 
7fd48bde5000-7fd48bdff000 r-xp 00000000 08:01 18354035                   /usr/lib/jvm/java-8-oracle/jre/lib/amd64/libzip.so
7fd48bdff000-7fd48bfff000 ---p 0001a000 08:01 18354035                   /usr/lib/jvm/java-8-oracle/jre/lib/amd64/libzip.so
7fd48bfff000-7fd48c000000 rw-p 0001a000 08:01 18354035                   /usr/lib/jvm/java-8-oracle/jre/lib/amd64/libzip.so
7fd48c000000-7fd48c397000 rw-p 00000000 00:00 0 
7fd48c397000-7fd490000000 ---p 00000000 00:00 0 
7fd490017000-7fd490066000 rw-p 00000000 00:00 0 
7fd490066000-7fd490067000 ---p 00000000 00:00 0 
7fd490067000-7fd490167000 rw-p 00000000 00:00 0                          [stack:5459]
7fd490167000-7fd490172000 r-xp 00000000 08:01 17170536                   /lib/x86_64-linux-gnu/libnss_files-2.19.so
7fd490172000-7fd490371000 ---p 0000b000 08:01 17170536                   /lib/x86_64-linux-gnu/libnss_files-2.19.so
7fd490371000-7fd490372000 r--p 0000a000 08:01 17170536                   /lib/x86_64-linux-gnu/libnss_files-2.19.so
7fd490372000-7fd490373000 rw-p 0000b000 08:01 17170536                   /lib/x86_64-linux-gnu/libnss_files-2.19.so
7fd490373000-7fd49037e000 r-xp 00000000 08:01 17170528                   /lib/x86_64-linux-gnu/libnss_nis-2.19.so
7fd49037e000-7fd49057d000 ---p 0000b000 08:01 17170528                   /lib/x86_64-linux-gnu/libnss_nis-2.19.so
7fd49057d000-7fd49057e000 r--p 0000a000 08:01 17170528                   /lib/x86_64-linux-gnu/libnss_nis-2.19.so
7fd49057e000-7fd49057f000 rw-p 0000b000 08:01 17170528                   /lib/x86_64-linux-gnu/libnss_nis-2.19.so
7fd49057f000-7fd490596000 r-xp 00000000 08:01 17170524                   /lib/x86_64-linux-gnu/libnsl-2.19.so
7fd490596000-7fd490795000 ---p 00017000 08:01 17170524                   /lib/x86_64-linux-gnu/libnsl-2.19.so
7fd490795000-7fd490796000 r--p 00016000 08:01 17170524                   /lib/x86_64-linux-gnu/libnsl-2.19.so
7fd490796000-7fd490797000 rw-p 00017000 08:01 17170524                   /lib/x86_64-linux-gnu/libnsl-2.19.so
7fd490797000-7fd490799000 rw-p 00000000 00:00 0 
7fd490799000-7fd4907a2000 r-xp 00000000 08:01 17170523                   /lib/x86_64-linux-gnu/libnss_compat-2.19.so
7fd4907a2000-7fd4909a1000 ---p 00009000 08:01 17170523                   /lib/x86_64-linux-gnu/libnss_compat-2.19.so
7fd4909a1000-7fd4909a2000 r--p 00008000 08:01 17170523                   /lib/x86_64-linux-gnu/libnss_compat-2.19.so
7fd4909a2000-7fd4909a3000 rw-p 00009000 08:01 17170523                   /lib/x86_64-linux-gnu/libnss_compat-2.19.so
7fd4909a3000-7fd4909cd000 r-xp 00000000 08:01 18354042                   /usr/lib/jvm/java-8-oracle/jre/lib/amd64/libjava.so
7fd4909cd000-7fd490bcd000 ---p 0002a000 08:01 18354042                   /usr/lib/jvm/java-8-oracle/jre/lib/amd64/libjava.so
7fd490bcd000-7fd490bcf000 rw-p 0002a000 08:01 18354042                   /usr/lib/jvm/java-8-oracle/jre/lib/amd64/libjava.so
7fd490bcf000-7fd490bdc000 r-xp 00000000 08:01 18354060                   /usr/lib/jvm/java-8-oracle/jre/lib/amd64/libverify.so
7fd490bdc000-7fd490ddc000 ---p 0000d000 08:01 18354060                   /usr/lib/jvm/java-8-oracle/jre/lib/amd64/libverify.so
7fd490ddc000-7fd490dde000 rw-p 0000d000 08:01 18354060                   /usr/lib/jvm/java-8-oracle/jre/lib/amd64/libverify.so
7fd490dde000-7fd490de5000 r-xp 00000000 08:01 17170532                   /lib/x86_64-linux-gnu/librt-2.19.so
7fd490de5000-7fd490fe4000 ---p 00007000 08:01 17170532                   /lib/x86_64-linux-gnu/librt-2.19.so
7fd490fe4000-7fd490fe5000 r--p 00006000 08:01 17170532                   /lib/x86_64-linux-gnu/librt-2.19.so
7fd490fe5000-7fd490fe6000 rw-p 00007000 08:01 17170532                   /lib/x86_64-linux-gnu/librt-2.19.so
7fd490fe6000-7fd4910eb000 r-xp 00000000 08:01 17170458                   /lib/x86_64-linux-gnu/libm-2.19.so
7fd4910eb000-7fd4912ea000 ---p 00105000 08:01 17170458                   /lib/x86_64-linux-gnu/libm-2.19.so
7fd4912ea000-7fd4912eb000 r--p 00104000 08:01 17170458                   /lib/x86_64-linux-gnu/libm-2.19.so
7fd4912eb000-7fd4912ec000 rw-p 00105000 08:01 17170458                   /lib/x86_64-linux-gnu/libm-2.19.so
7fd4912ec000-7fd491fac000 r-xp 00000000 08:01 18354068                   /usr/lib/jvm/java-8-oracle/jre/lib/amd64/server/libjvm.so
7fd491fac000-7fd4921ac000 ---p 00cc0000 08:01 18354068                   /usr/lib/jvm/java-8-oracle/jre/lib/amd64/server/libjvm.so
7fd4921ac000-7fd492284000 rw-p 00cc0000 08:01 18354068                   /usr/lib/jvm/java-8-oracle/jre/lib/amd64/server/libjvm.so
7fd492284000-7fd4922cf000 rw-p 00000000 00:00 0 
7fd4922cf000-7fd49248a000 r-xp 00000000 08:01 17170533                   /lib/x86_64-linux-gnu/libc-2.19.so
7fd49248a000-7fd492689000 ---p 001bb000 08:01 17170533                   /lib/x86_64-linux-gnu/libc-2.19.so
7fd492689000-7fd49268d000 r--p 001ba000 08:01 17170533                   /lib/x86_64-linux-gnu/libc-2.19.so
7fd49268d000-7fd49268f000 rw-p 001be000 08:01 17170533                   /lib/x86_64-linux-gnu/libc-2.19.so
7fd49268f000-7fd492694000 rw-p 00000000 00:00 0 
7fd492694000-7fd492697000 r-xp 00000000 08:01 17170462                   /lib/x86_64-linux-gnu/libdl-2.19.so
7fd492697000-7fd492896000 ---p 00003000 08:01 17170462                   /lib/x86_64-linux-gnu/libdl-2.19.so
7fd492896000-7fd492897000 r--p 00002000 08:01 17170462                   /lib/x86_64-linux-gnu/libdl-2.19.so
7fd492897000-7fd492898000 rw-p 00003000 08:01 17170462                   /lib/x86_64-linux-gnu/libdl-2.19.so
7fd492898000-7fd4928ad000 r-xp 00000000 08:01 18744109                   /usr/lib/jvm/java-8-oracle/lib/amd64/jli/libjli.so
7fd4928ad000-7fd492aad000 ---p 00015000 08:01 18744109                   /usr/lib/jvm/java-8-oracle/lib/amd64/jli/libjli.so
7fd492aad000-7fd492aae000 rw-p 00015000 08:01 18744109                   /usr/lib/jvm/java-8-oracle/lib/amd64/jli/libjli.so
7fd492aae000-7fd492ac7000 r-xp 00000000 08:01 17170525                   /lib/x86_64-linux-gnu/libpthread-2.19.so
7fd492ac7000-7fd492cc6000 ---p 00019000 08:01 17170525                   /lib/x86_64-linux-gnu/libpthread-2.19.so
7fd492cc6000-7fd492cc7000 r--p 00018000 08:01 17170525                   /lib/x86_64-linux-gnu/libpthread-2.19.so
7fd492cc7000-7fd492cc8000 rw-p 00019000 08:01 17170525                   /lib/x86_64-linux-gnu/libpthread-2.19.so
7fd492cc8000-7fd492ccc000 rw-p 00000000 00:00 0 
7fd492ccc000-7fd492cef000 r-xp 00000000 08:01 17170526                   /lib/x86_64-linux-gnu/ld-2.19.so
7fd492cf1000-7fd492cff000 r--s 000e0000 08:01 16783227                   /root/Android/Sdk/build-tools/24.0.0/lib/dx.jar
7fd492cff000-7fd492dd2000 rw-p 00000000 00:00 0 
7fd492dd2000-7fd492dd5000 ---p 00000000 00:00 0 
7fd492dd5000-7fd492ed7000 rw-p 00000000 00:00 0                          [stack:5454]
7fd492ee1000-7fd492ee2000 rw-p 00000000 00:00 0 
7fd492ee2000-7fd492eea000 rw-s 00000000 08:01 27660598                   /tmp/hsperfdata_root/5451
7fd492eea000-7fd492eeb000 rw-p 00000000 00:00 0 
7fd492eeb000-7fd492eec000 ---p 00000000 00:00 0 
7fd492eec000-7fd492eee000 rw-p 00000000 00:00 0 
7fd492eee000-7fd492eef000 r--p 00022000 08:01 17170526                   /lib/x86_64-linux-gnu/ld-2.19.so
7fd492eef000-7fd492ef0000 rw-p 00023000 08:01 17170526                   /lib/x86_64-linux-gnu/ld-2.19.so
7fd492ef0000-7fd492ef1000 rw-p 00000000 00:00 0 
7fff49eee000-7fff49f0f000 rw-p 00000000 00:00 0                          [stack]
7fff49f4b000-7fff49f4d000 r-xp 00000000 00:00 0                          [vdso]
ffffffffff600000-ffffffffff601000 r-xp 00000000 00:00 0                  [vsyscall]

VM Arguments:
jvm_args: -Djava.awt.headless=true -Xmx4g -Dfile.encoding=UTF-8 -Duser.country=IN -Duser.language=en -Duser.variant 
java_command: com.android.dx.command.Main --dex --force-jumbo --num-threads=4 --multi-dex --output /home/samaksh/Desktop/GitProjects/collegedekho-android-app/app/build/intermediates/transforms/dex/debug/folders/1000/5/slice_2 /home/samaksh/Desktop/GitProjects/collegedekho-android-app/app/build/intermediates/transforms/instantRunSlicer/debug/folders/1/5/slice_2
java_class_path (initial): /root/Android/Sdk/build-tools/24.0.0/lib/dx.jar
Launcher Type: SUN_STANDARD

Environment Variables:
PATH=/usr/local/sbin:/usr/local/bin:/usr/sbin:/usr/bin:/sbin:/bin
USERNAME=root
LD_LIBRARY_PATH=.:
SHELL=/bin/bash
DISPLAY=:0

Signal Handlers:
SIGSEGV: [libjvm.so+0xabca10], sa_mask[0]=11111111011111111101111111111110, sa_flags=SA_RESTART|SA_SIGINFO
SIGBUS: [libjvm.so+0xabca10], sa_mask[0]=11111111011111111101111111111110, sa_flags=SA_RESTART|SA_SIGINFO
SIGFPE: [libjvm.so+0x919a20], sa_mask[0]=11111111011111111101111111111110, sa_flags=SA_RESTART|SA_SIGINFO
SIGPIPE: [libjvm.so+0x919a20], sa_mask[0]=11111111011111111101111111111110, sa_flags=SA_RESTART|SA_SIGINFO
SIGXFSZ: [libjvm.so+0x919a20], sa_mask[0]=11111111011111111101111111111110, sa_flags=SA_RESTART|SA_SIGINFO
SIGILL: [libjvm.so+0x919a20], sa_mask[0]=11111111011111111101111111111110, sa_flags=SA_RESTART|SA_SIGINFO
SIGUSR1: SIG_DFL, sa_mask[0]=00000000000000000000000000000000, sa_flags=none
SIGUSR2: [libjvm.so+0x91b050], sa_mask[0]=00100000000000000000000000000000, sa_flags=SA_RESTART|SA_SIGINFO
SIGHUP: [libjvm.so+0x91c450], sa_mask[0]=11111111011111111101111111111110, sa_flags=SA_RESTART|SA_SIGINFO
SIGINT: [libjvm.so+0x91c450], sa_mask[0]=11111111011111111101111111111110, sa_flags=SA_RESTART|SA_SIGINFO
SIGTERM: [libjvm.so+0x91c450], sa_mask[0]=11111111011111111101111111111110, sa_flags=SA_RESTART|SA_SIGINFO
SIGQUIT: [libjvm.so+0x91c450], sa_mask[0]=11111111011111111101111111111110, sa_flags=SA_RESTART|SA_SIGINFO


---------------  S Y S T E M  ---------------

OS:DISTRIB_ID=Ubuntu
DISTRIB_RELEASE=14.04
DISTRIB_CODENAME=trusty
DISTRIB_DESCRIPTION="Ubuntu 14.04.1 LTS"

uname:Linux 3.13.0-32-generic #57-Ubuntu SMP Tue Jul 15 03:51:08 UTC 2014 x86_64
libc:glibc 2.19 NPTL 2.19 
rlimit: STACK 8192k, CORE 0k, NPROC 62953, NOFILE 4096, AS infinity
load average:15.39 5.16 3.32

/proc/meminfo:
MemTotal:        8079640 kB
MemFree:          106984 kB
Buffers:             208 kB
Cached:          1703312 kB
SwapCached:        52744 kB
Active:          6474992 kB
Inactive:        1240216 kB
Active(anon):    6473472 kB
Inactive(anon):  1238268 kB
Active(file):       1520 kB
Inactive(file):     1948 kB
Unevictable:          32 kB
Mlocked:              32 kB
SwapTotal:       8289276 kB
SwapFree:              0 kB
Dirty:                40 kB
Writeback:             0 kB
AnonPages:       5959800 kB
Mapped:           813788 kB
Shmem:           1699260 kB
Slab:             106716 kB
SReclaimable:      56104 kB
SUnreclaim:        50612 kB
KernelStack:        5768 kB
PageTables:        56728 kB
NFS_Unstable:          0 kB
Bounce:                0 kB
WritebackTmp:          0 kB
CommitLimit:    12329096 kB
Committed_AS:   20124928 kB
VmallocTotal:   34359738367 kB
VmallocUsed:      360656 kB
VmallocChunk:   34359304316 kB
HardwareCorrupted:     0 kB
AnonHugePages:   1699840 kB
HugePages_Total:       0
HugePages_Free:        0
HugePages_Rsvd:        0
HugePages_Surp:        0
Hugepagesize:       2048 kB
DirectMap4k:       83012 kB
DirectMap2M:     6111232 kB
DirectMap1G:     2097152 kB


CPU:total 4 (2 cores per cpu, 2 threads per core) family 6 model 69 stepping 1, cmov, cx8, fxsr, mmx, sse, sse2, sse3, ssse3, sse4.1, sse4.2, popcnt, avx, avx2, aes, clmul, erms, lzcnt, ht, tsc, tscinvbit, bmi1, bmi2

/proc/cpuinfo:
processor	: 0
vendor_id	: GenuineIntel
cpu family	: 6
model		: 69
model name	: Intel(R) Core(TM) i5-4210U CPU @ 1.70GHz
stepping	: 1
microcode	: 0x1c
cpu MHz		: 1701.000
cache size	: 3072 KB
physical id	: 0
siblings	: 4
core id		: 0
cpu cores	: 2
apicid		: 0
initial apicid	: 0
fpu		: yes
fpu_exception	: yes
cpuid level	: 13
wp		: yes
flags		: fpu vme de pse tsc msr pae mce cx8 apic sep mtrr pge mca cmov pat pse36 clflush dts acpi mmx fxsr sse sse2 ss ht tm pbe syscall nx pdpe1gb rdtscp lm constant_tsc arch_perfmon pebs bts rep_good nopl xtopology nonstop_tsc aperfmperf eagerfpu pni pclmulqdq dtes64 monitor ds_cpl vmx est tm2 ssse3 fma cx16 xtpr pdcm pcid sse4_1 sse4_2 movbe popcnt tsc_deadline_timer aes xsave avx f16c rdrand lahf_lm abm ida arat epb xsaveopt pln pts dtherm tpr_shadow vnmi flexpriority ept vpid fsgsbase tsc_adjust bmi1 avx2 smep bmi2 erms invpcid
bogomips	: 3392.07
clflush size	: 64
cache_alignment	: 64
address sizes	: 39 bits physical, 48 bits virtual
power management:

processor	: 1
vendor_id	: GenuineIntel
cpu family	: 6
model		: 69
model name	: Intel(R) Core(TM) i5-4210U CPU @ 1.70GHz
stepping	: 1
microcode	: 0x1c
cpu MHz		: 1701.000
cache size	: 3072 KB
physical id	: 0
siblings	: 4
core id		: 1
cpu cores	: 2
apicid		: 2
initial apicid	: 2
fpu		: yes
fpu_exception	: yes
cpuid level	: 13
wp		: yes
flags		: fpu vme de pse tsc msr pae mce cx8 apic sep mtrr pge mca cmov pat pse36 clflush dts acpi mmx fxsr sse sse2 ss ht tm pbe syscall nx pdpe1gb rdtscp lm constant_tsc arch_perfmon pebs bts rep_good nopl xtopology nonstop_tsc aperfmperf eagerfpu pni pclmulqdq dtes64 monitor ds_cpl vmx est tm2 ssse3 fma cx16 xtpr pdcm pcid sse4_1 sse4_2 movbe popcnt tsc_deadline_timer aes xsave avx f16c rdrand lahf_lm abm ida arat epb xsaveopt pln pts dtherm tpr_shadow vnmi flexpriority ept vpid fsgsbase tsc_adjust bmi1 avx2 smep bmi2 erms invpcid
bogomips	: 3392.07
clflush size	: 64
cache_alignment	: 64
address sizes	: 39 bits physical, 48 bits virtual
power management:

processor	: 2
vendor_id	: GenuineIntel
cpu family	: 6
model		: 69
model name	: Intel(R) Core(TM) i5-4210U CPU @ 1.70GHz
stepping	: 1
microcode	: 0x1c
cpu MHz		: 1701.000
cache size	: 3072 KB
physical id	: 0
siblings	: 4
core id		: 0
cpu cores	: 2
apicid		: 1
initial apicid	: 1
fpu		: yes
fpu_exception	: yes
cpuid level	: 13
wp		: yes
flags		: fpu vme de pse tsc msr pae mce cx8 apic sep mtrr pge mca cmov pat pse36 clflush dts acpi mmx fxsr sse sse2 ss ht tm pbe syscall nx pdpe1gb rdtscp lm constant_tsc arch_perfmon pebs bts rep_good nopl xtopology nonstop_tsc aperfmperf eagerfpu pni pclmulqdq dtes64 monitor ds_cpl vmx est tm2 ssse3 fma cx16 xtpr pdcm pcid sse4_1 sse4_2 movbe popcnt tsc_deadline_timer aes xsave avx f16c rdrand lahf_lm abm ida arat epb xsaveopt pln pts dtherm tpr_shadow vnmi flexpriority ept vpid fsgsbase tsc_adjust bmi1 avx2 smep bmi2 erms invpcid
bogomips	: 3392.07
clflush size	: 64
cache_alignment	: 64
address sizes	: 39 bits physical, 48 bits virtual
power management:

processor	: 3
vendor_id	: GenuineIntel
cpu family	: 6
model		: 69
model name	: Intel(R) Core(TM) i5-4210U CPU @ 1.70GHz
stepping	: 1
microcode	: 0x1c
cpu MHz		: 1701.000
cache size	: 3072 KB
physical id	: 0
siblings	: 4
core id		: 1
cpu cores	: 2
apicid		: 3
initial apicid	: 3
fpu		: yes
fpu_exception	: yes
cpuid level	: 13
wp		: yes
flags		: fpu vme de pse tsc msr pae mce cx8 apic sep mtrr pge mca cmov pat pse36 clflush dts acpi mmx fxsr sse sse2 ss ht tm pbe syscall nx pdpe1gb rdtscp lm constant_tsc arch_perfmon pebs bts rep_good nopl xtopology nonstop_tsc aperfmperf eagerfpu pni pclmulqdq dtes64 monitor ds_cpl vmx est tm2 ssse3 fma cx16 xtpr pdcm pcid sse4_1 sse4_2 movbe popcnt tsc_deadline_timer aes xsave avx f16c rdrand lahf_lm abm ida arat epb xsaveopt pln pts dtherm tpr_shadow vnmi flexpriority ept vpid fsgsbase tsc_adjust bmi1 avx2 smep bmi2 erms invpcid
bogomips	: 3392.07
clflush size	: 64
cache_alignment	: 64
address sizes	: 39 bits physical, 48 bits virtual
power management:



Memory: 4k page, physical 8079640k(105344k free), swap 8289276k(0k free)

vm_info: Java HotSpot(TM) 64-Bit Server VM (25.91-b14) for linux-amd64 JRE (1.8.0_91-b14), built on Apr  1 2016 00:57:21 by "java_re" with gcc 4.3.0 20080428 (Red Hat 4.3.0-8)

time: Fri Jul  8 17:25:04 2016
elapsed time: 38 seconds (0d 0h 0m 38s)

